<?xml version="1.0" encoding="utf-8"?>
<!DOCTYPE coverage SYSTEM "http://cobertura.sourceforge.net/xml/coverage-04.dtd">
<coverage line-rate="0.987951807228916" branch-rate="1" lines-covered="82" lines-valid="83" branches-covered="18" branches-valid="18" complexity="32" version="0" timestamp="1683123185">
  <sources>
    <source>C:\Users\malki\</source>
  </sources>
  <packages>
    <package name="CalculateArea" line-rate="1" branch-rate="1" complexity="23">
      <classes>
        <class name="CalculateArea.CalculationFigureArea" filename="C:\Users\malki\OneDrive\Documents\CalculateSquare\src\CalculateArea\CalculationFigureArea.cs" line-rate="1" branch-rate="1" complexity="1">
          <methods>
            <method name="GetArea" signature="(...)" line-rate="1" branch-rate="1" complexity="1">
              <lines>
                <line number="9" hits="1" branch="false" />
                <line number="10" hits="1" branch="false" />
                <line number="11" hits="1" branch="false" />
              </lines>
            </method>
          </methods>
          <lines>
            <line number="9" hits="1" branch="false" />
            <line number="10" hits="1" branch="false" />
            <line number="11" hits="1" branch="false" />
          </lines>
        </class>
        <class name="CalculateArea.Figures.Circle" filename="C:\Users\malki\OneDrive\Documents\CalculateSquare\src\CalculateArea\Figures\Circle .cs" line-rate="1" branch-rate="1" complexity="4">
          <methods>
            <method name="ValidateCircleParameters" signature="(...)" line-rate="1" branch-rate="1" complexity="2">
              <lines>
                <line number="11" hits="3" branch="false" />
                <line number="12" hits="5" branch="true" condition-coverage="100% (2/2)" />
                <line number="13" hits="1" branch="false" />
              </lines>
            </method>
            <method name="GetArea" signature="()" line-rate="1" branch-rate="1" complexity="1">
              <lines>
                <line number="23" hits="1" branch="false" />
                <line number="24" hits="1" branch="false" />
                <line number="25" hits="1" branch="false" />
              </lines>
            </method>
            <method name=".ctor" signature="(...)" line-rate="1" branch-rate="1" complexity="1">
              <lines>
                <line number="15" hits="3" branch="false" />
                <line number="16" hits="3" branch="false" />
                <line number="17" hits="3" branch="false" />
                <line number="19" hits="1" branch="false" />
                <line number="20" hits="1" branch="false" />
              </lines>
            </method>
          </methods>
          <lines>
            <line number="11" hits="3" branch="false" />
            <line number="12" hits="5" branch="true" condition-coverage="100% (2/2)" />
            <line number="13" hits="1" branch="false" />
            <line number="15" hits="3" branch="false" />
            <line number="16" hits="3" branch="false" />
            <line number="17" hits="3" branch="false" />
            <line number="19" hits="1" branch="false" />
            <line number="20" hits="1" branch="false" />
            <line number="23" hits="1" branch="false" />
            <line number="24" hits="1" branch="false" />
            <line number="25" hits="1" branch="false" />
          </lines>
        </class>
        <class name="CalculateArea.Figures.Triangle" filename="C:\Users\malki\OneDrive\Documents\CalculateSquare\src\CalculateArea\Figures\Triangle.cs" line-rate="1" branch-rate="1" complexity="18">
          <methods>
            <method name="ValidateTriangleParameters" signature="(...)" line-rate="1" branch-rate="1" complexity="12">
              <lines>
                <line number="14" hits="15" branch="false" />
                <line number="15" hits="17" branch="true" condition-coverage="100% (2/2)" />
                <line number="16" hits="15" branch="true" condition-coverage="100% (2/2)" />
                <line number="17" hits="13" branch="true" condition-coverage="100% (2/2)" />
                <line number="19" hits="9" branch="true" condition-coverage="100% (6/6)" />
                <line number="20" hits="6" branch="false" />
                <line number="21" hits="6" branch="false" />
                <line number="22" hits="3" branch="false" />
              </lines>
            </method>
            <method name="IsRectangular" signature="()" line-rate="1" branch-rate="1" complexity="4">
              <lines>
                <line number="34" hits="2" branch="false" />
                <line number="35" hits="2" branch="false" />
                <line number="36" hits="6" branch="false" />
                <line number="38" hits="2" branch="false" />
                <line number="39" hits="2" branch="false" />
                <line number="40" hits="2" branch="false" />
                <line number="42" hits="2" branch="true" condition-coverage="100% (4/4)" />
                <line number="43" hits="2" branch="false" />
                <line number="44" hits="2" branch="false" />
                <line number="45" hits="2" branch="false" />
              </lines>
            </method>
            <method name="GetArea" signature="()" line-rate="1" branch-rate="1" complexity="1">
              <lines>
                <line number="48" hits="1" branch="false" />
                <line number="49" hits="1" branch="false" />
                <line number="50" hits="1" branch="false" />
                <line number="51" hits="1" branch="false" />
                <line number="52" hits="1" branch="false" />
                <line number="53" hits="1" branch="false" />
                <line number="54" hits="1" branch="false" />
              </lines>
            </method>
            <method name=".ctor" signature="(...)" line-rate="1" branch-rate="1" complexity="1">
              <lines>
                <line number="24" hits="15" branch="false" />
                <line number="25" hits="15" branch="false" />
                <line number="26" hits="15" branch="false" />
                <line number="28" hits="3" branch="false" />
                <line number="29" hits="3" branch="false" />
                <line number="30" hits="3" branch="false" />
                <line number="31" hits="3" branch="false" />
              </lines>
            </method>
          </methods>
          <lines>
            <line number="14" hits="15" branch="false" />
            <line number="15" hits="17" branch="true" condition-coverage="100% (2/2)" />
            <line number="16" hits="15" branch="true" condition-coverage="100% (2/2)" />
            <line number="17" hits="13" branch="true" condition-coverage="100% (2/2)" />
            <line number="19" hits="9" branch="true" condition-coverage="100% (6/6)" />
            <line number="20" hits="6" branch="false" />
            <line number="21" hits="6" branch="false" />
            <line number="22" hits="3" branch="false" />
            <line number="24" hits="15" branch="false" />
            <line number="25" hits="15" branch="false" />
            <line number="26" hits="15" branch="false" />
            <line number="28" hits="3" branch="false" />
            <line number="29" hits="3" branch="false" />
            <line number="30" hits="3" branch="false" />
            <line number="31" hits="3" branch="false" />
            <line number="34" hits="2" branch="false" />
            <line number="35" hits="2" branch="false" />
            <line number="36" hits="6" branch="false" />
            <line number="38" hits="2" branch="false" />
            <line number="39" hits="2" branch="false" />
            <line number="40" hits="2" branch="false" />
            <line number="42" hits="2" branch="true" condition-coverage="100% (4/4)" />
            <line number="43" hits="2" branch="false" />
            <line number="44" hits="2" branch="false" />
            <line number="45" hits="2" branch="false" />
            <line number="48" hits="1" branch="false" />
            <line number="49" hits="1" branch="false" />
            <line number="50" hits="1" branch="false" />
            <line number="51" hits="1" branch="false" />
            <line number="52" hits="1" branch="false" />
            <line number="53" hits="1" branch="false" />
            <line number="54" hits="1" branch="false" />
          </lines>
        </class>
      </classes>
    </package>
    <package name="CalculateArea.UnitTests" line-rate="0.972972972972973" branch-rate="1" complexity="9">
      <classes>
        <class name="AutoGeneratedProgram" filename="C:\Users\malki\.nuget\packages\microsoft.net.test.sdk\17.6.0-preview-20230223-05\build\netcoreapp3.1\Microsoft.NET.Test.Sdk.Program.cs" line-rate="0" branch-rate="1" complexity="1">
          <methods>
            <method name="Main" signature="(...)" line-rate="0" branch-rate="1" complexity="1">
              <lines>
                <line number="4" hits="0" branch="false" />
              </lines>
            </method>
          </methods>
          <lines>
            <line number="4" hits="0" branch="false" />
          </lines>
        </class>
        <class name="CalculateArea.UnitTests.CalculationFigureAreaTests" filename="C:\Users\malki\OneDrive\Documents\CalculateSquare\tests\CalculateArea.UnitTests\CalculationFigureAreaTests.cs" line-rate="1" branch-rate="1" complexity="1">
          <methods>
            <method name="ShouldGetAreaFigure" signature="()" line-rate="1" branch-rate="1" complexity="1">
              <lines>
                <line number="12" hits="1" branch="false" />
                <line number="13" hits="1" branch="false" />
                <line number="14" hits="1" branch="false" />
                <line number="15" hits="1" branch="false" />
                <line number="16" hits="1" branch="false" />
                <line number="17" hits="1" branch="false" />
                <line number="18" hits="1" branch="false" />
                <line number="19" hits="1" branch="false" />
                <line number="21" hits="1" branch="false" />
                <line number="22" hits="1" branch="false" />
                <line number="23" hits="1" branch="false" />
              </lines>
            </method>
          </methods>
          <lines>
            <line number="12" hits="1" branch="false" />
            <line number="13" hits="1" branch="false" />
            <line number="14" hits="1" branch="false" />
            <line number="15" hits="1" branch="false" />
            <line number="16" hits="1" branch="false" />
            <line number="17" hits="1" branch="false" />
            <line number="18" hits="1" branch="false" />
            <line number="19" hits="1" branch="false" />
            <line number="21" hits="1" branch="false" />
            <line number="22" hits="1" branch="false" />
            <line number="23" hits="1" branch="false" />
          </lines>
        </class>
        <class name="CalculateArea.UnitTests.Figures.CircleTests" filename="C:\Users\malki\OneDrive\Documents\CalculateSquare\tests\CalculateArea.UnitTests\Figures\CircleTests.cs" line-rate="1" branch-rate="1" complexity="2">
          <methods>
            <method name="ShouldThrowExceptionWhenValidateCircleParameters" signature="(...)" line-rate="1" branch-rate="1" complexity="1">
              <lines>
                <line number="13" hits="2" branch="false" />
                <line number="14" hits="4" branch="false" />
                <line number="15" hits="2" branch="false" />
              </lines>
            </method>
            <method name="ShouldReturnAreaWhenCalledGetArea" signature="()" line-rate="1" branch-rate="1" complexity="1">
              <lines>
                <line number="19" hits="1" branch="false" />
                <line number="20" hits="1" branch="false" />
                <line number="21" hits="1" branch="false" />
                <line number="22" hits="1" branch="false" />
              </lines>
            </method>
          </methods>
          <lines>
            <line number="13" hits="2" branch="false" />
            <line number="14" hits="4" branch="false" />
            <line number="15" hits="2" branch="false" />
            <line number="19" hits="1" branch="false" />
            <line number="20" hits="1" branch="false" />
            <line number="21" hits="1" branch="false" />
            <line number="22" hits="1" branch="false" />
          </lines>
        </class>
        <class name="CalculateArea.UnitTests.Figures.TriangleTests" filename="C:\Users\malki\OneDrive\Documents\CalculateSquare\tests\CalculateArea.UnitTests\Figures\TriangleTests.cs" line-rate="1" branch-rate="1" complexity="5">
          <methods>
            <method name="ShouldThrowArgumentOutOfRangeExceptionWhenValidateTriangleParameters" signature="(...)" line-rate="1" branch-rate="1" complexity="1">
              <lines>
                <line number="16" hits="6" branch="false" />
                <line number="17" hits="12" branch="false" />
                <line number="18" hits="6" branch="false" />
              </lines>
            </method>
            <method name="ShouldThrowArgumentExceptionWhenValidateTriangleParameters" signature="(...)" line-rate="1" branch-rate="1" complexity="1">
              <lines>
                <line number="27" hits="6" branch="false" />
                <line number="28" hits="12" branch="false" />
                <line number="29" hits="6" branch="false" />
              </lines>
            </method>
            <method name="ShouldReturnTrueWhenTriangleIsRectangular" signature="()" line-rate="1" branch-rate="1" complexity="1">
              <lines>
                <line number="33" hits="1" branch="false" />
                <line number="34" hits="1" branch="false" />
                <line number="35" hits="1" branch="false" />
                <line number="36" hits="1" branch="false" />
              </lines>
            </method>
            <method name="ShouldReturnFalseWhenTriangleIsNotRectangular" signature="()" line-rate="1" branch-rate="1" complexity="1">
              <lines>
                <line number="40" hits="1" branch="false" />
                <line number="41" hits="1" branch="false" />
                <line number="42" hits="1" branch="false" />
                <line number="43" hits="1" branch="false" />
              </lines>
            </method>
            <method name="ShouldReturnAreaWhenCalledGetArea" signature="()" line-rate="1" branch-rate="1" complexity="1">
              <lines>
                <line number="47" hits="1" branch="false" />
                <line number="48" hits="1" branch="false" />
                <line number="49" hits="1" branch="false" />
                <line number="50" hits="1" branch="false" />
              </lines>
            </method>
          </methods>
          <lines>
            <line number="16" hits="6" branch="false" />
            <line number="17" hits="12" branch="false" />
            <line number="18" hits="6" branch="false" />
            <line number="27" hits="6" branch="false" />
            <line number="28" hits="12" branch="false" />
            <line number="29" hits="6" branch="false" />
            <line number="33" hits="1" branch="false" />
            <line number="34" hits="1" branch="false" />
            <line number="35" hits="1" branch="false" />
            <line number="36" hits="1" branch="false" />
            <line number="40" hits="1" branch="false" />
            <line number="41" hits="1" branch="false" />
            <line number="42" hits="1" branch="false" />
            <line number="43" hits="1" branch="false" />
            <line number="47" hits="1" branch="false" />
            <line number="48" hits="1" branch="false" />
            <line number="49" hits="1" branch="false" />
            <line number="50" hits="1" branch="false" />
          </lines>
        </class>
      </classes>
    </package>
  </packages>
</coverage>