TpTrace Verbose: 0 : 22764, 1, 2023/05/03, 14:12:56.679, 16536580890178, vstest.console.dll, Version: 16.10.0-preview-20210317-02
TpTrace Information: 0 : 22764, 1, 2023/05/03, 14:12:56.720, 16536581272589, vstest.console.dll, FilePatternParser: The given file C:\Users\malki\OneDrive\Documents\CalculateSquare\tests\CalculateArea.UnitTests\bin\Debug\net5.0\fine-code-coverage\build-output\CalculateArea.UnitTests.dll is a full path.
TpTrace Verbose: 0 : 22764, 1, 2023/05/03, 14:12:56.754, 16536581608085, vstest.console.dll, TestPluginCache.DiscoverTestExtensions: finding test extensions in assemblies ends with: RuntimeProvider.dll TPluginInfo: Microsoft.VisualStudio.TestPlatform.Common.ExtensionFramework.Utilities.TestRuntimePluginInformation TExtension: Microsoft.VisualStudio.TestPlatform.ObjectModel.Host.ITestRuntimeProvider
TpTrace Verbose: 0 : 22764, 1, 2023/05/03, 14:12:56.755, 16536581625268, vstest.console.dll, TestPluginCache.GetExtensionPaths: Filtered extension paths: 
TpTrace Verbose: 0 : 22764, 1, 2023/05/03, 14:12:56.756, 16536581630334, vstest.console.dll, TestPluginCache.GetExtensionPaths: Added default extension paths: C:\Program Files\dotnet\sdk\6.0.100-preview.3.21202.5\Extensions\Microsoft.Diagnostics.NETCore.Client.dll
C:\Program Files\dotnet\sdk\6.0.100-preview.3.21202.5\Extensions\Microsoft.TestPlatform.Extensions.BlameDataCollector.dll
C:\Program Files\dotnet\sdk\6.0.100-preview.3.21202.5\Extensions\Microsoft.TestPlatform.Extensions.EventLogCollector.dll
C:\Program Files\dotnet\sdk\6.0.100-preview.3.21202.5\Extensions\Microsoft.TestPlatform.TestHostRuntimeProvider.dll
C:\Program Files\dotnet\sdk\6.0.100-preview.3.21202.5\Extensions\Microsoft.VisualStudio.TestPlatform.Extensions.Html.TestLogger.dll
C:\Program Files\dotnet\sdk\6.0.100-preview.3.21202.5\Extensions\Microsoft.VisualStudio.TestPlatform.Extensions.Trx.TestLogger.dll
TpTrace Verbose: 0 : 22764, 1, 2023/05/03, 14:12:56.756, 16536581632527, vstest.console.dll, TestPluginCache.GetExtensionPaths: Added unfilterableExtensionPaths: 
TpTrace Information: 0 : 22764, 1, 2023/05/03, 14:12:56.761, 16536581677315, vstest.console.dll, AssemblyResolver.ctor: Creating AssemblyResolver with searchDirectories C:\Program Files\dotnet\sdk\6.0.100-preview.3.21202.5\Extensions,C:\Program Files\dotnet\sdk\6.0.100-preview.3.21202.5
TpTrace Verbose: 0 : 22764, 1, 2023/05/03, 14:12:56.765, 16536581721984, vstest.console.dll, TestPluginCache.DiscoverTestExtensions: Discovering the extensions using extension path.
TpTrace Verbose: 0 : 22764, 1, 2023/05/03, 14:12:56.766, 16536581728602, vstest.console.dll, TestPluginCache.GetExtensionPaths: Filtered extension paths: 
TpTrace Verbose: 0 : 22764, 1, 2023/05/03, 14:12:56.766, 16536581731338, vstest.console.dll, TestPluginCache.GetExtensionPaths: Added default extension paths: C:\Program Files\dotnet\sdk\6.0.100-preview.3.21202.5\Extensions\Microsoft.Diagnostics.NETCore.Client.dll
C:\Program Files\dotnet\sdk\6.0.100-preview.3.21202.5\Extensions\Microsoft.TestPlatform.Extensions.BlameDataCollector.dll
C:\Program Files\dotnet\sdk\6.0.100-preview.3.21202.5\Extensions\Microsoft.TestPlatform.Extensions.EventLogCollector.dll
C:\Program Files\dotnet\sdk\6.0.100-preview.3.21202.5\Extensions\Microsoft.TestPlatform.TestHostRuntimeProvider.dll
C:\Program Files\dotnet\sdk\6.0.100-preview.3.21202.5\Extensions\Microsoft.VisualStudio.TestPlatform.Extensions.Html.TestLogger.dll
C:\Program Files\dotnet\sdk\6.0.100-preview.3.21202.5\Extensions\Microsoft.VisualStudio.TestPlatform.Extensions.Trx.TestLogger.dll
TpTrace Verbose: 0 : 22764, 1, 2023/05/03, 14:12:56.766, 16536581733098, vstest.console.dll, TestPluginCache.GetExtensionPaths: Added unfilterableExtensionPaths: 
TpTrace Verbose: 0 : 22764, 1, 2023/05/03, 14:12:56.767, 16536581736444, vstest.console.dll, TestPluginCache.DiscoverTestExtensions: Discovering the extensions using allExtensionPaths: C:\Program Files\dotnet\sdk\6.0.100-preview.3.21202.5\Extensions\Microsoft.Diagnostics.NETCore.Client.dll
C:\Program Files\dotnet\sdk\6.0.100-preview.3.21202.5\Extensions\Microsoft.TestPlatform.Extensions.BlameDataCollector.dll
C:\Program Files\dotnet\sdk\6.0.100-preview.3.21202.5\Extensions\Microsoft.TestPlatform.Extensions.EventLogCollector.dll
C:\Program Files\dotnet\sdk\6.0.100-preview.3.21202.5\Extensions\Microsoft.TestPlatform.TestHostRuntimeProvider.dll
C:\Program Files\dotnet\sdk\6.0.100-preview.3.21202.5\Extensions\Microsoft.VisualStudio.TestPlatform.Extensions.Html.TestLogger.dll
C:\Program Files\dotnet\sdk\6.0.100-preview.3.21202.5\Extensions\Microsoft.VisualStudio.TestPlatform.Extensions.Trx.TestLogger.dll
TpTrace Information: 0 : 22764, 1, 2023/05/03, 14:12:56.767, 16536581745504, vstest.console.dll, AssemblyResolver.AddSearchDirectories: Adding more searchDirectories C:\Program Files\dotnet\sdk\6.0.100-preview.3.21202.5\Extensions,C:\Program Files\dotnet\sdk\6.0.100-preview.3.21202.5
TpTrace Information: 0 : 22764, 1, 2023/05/03, 14:12:56.768, 16536581748661, vstest.console.dll, AssemblyResolver.AddSearchDirectories: Adding more searchDirectories C:\Program Files\dotnet\sdk\6.0.100-preview.3.21202.5\Extensions,C:\Program Files\dotnet\sdk\6.0.100-preview.3.21202.5
TpTrace Information: 0 : 22764, 1, 2023/05/03, 14:12:56.768, 16536581750751, vstest.console.dll, AssemblyResolver.AddSearchDirectories: Adding more searchDirectories C:\Program Files\dotnet\sdk\6.0.100-preview.3.21202.5\Extensions,C:\Program Files\dotnet\sdk\6.0.100-preview.3.21202.5
TpTrace Information: 0 : 22764, 1, 2023/05/03, 14:12:56.768, 16536581752819, vstest.console.dll, AssemblyResolver.AddSearchDirectories: Adding more searchDirectories C:\Program Files\dotnet\sdk\6.0.100-preview.3.21202.5\Extensions,C:\Program Files\dotnet\sdk\6.0.100-preview.3.21202.5
TpTrace Information: 0 : 22764, 1, 2023/05/03, 14:12:56.768, 16536581754531, vstest.console.dll, AssemblyResolver.AddSearchDirectories: Adding more searchDirectories C:\Program Files\dotnet\sdk\6.0.100-preview.3.21202.5\Extensions,C:\Program Files\dotnet\sdk\6.0.100-preview.3.21202.5
TpTrace Information: 0 : 22764, 1, 2023/05/03, 14:12:56.769, 16536581756220, vstest.console.dll, AssemblyResolver.AddSearchDirectories: Adding more searchDirectories C:\Program Files\dotnet\sdk\6.0.100-preview.3.21202.5\Extensions,C:\Program Files\dotnet\sdk\6.0.100-preview.3.21202.5
TpTrace Information: 0 : 22764, 1, 2023/05/03, 14:12:56.770, 16536581774858, vstest.console.dll, AssemblyResolver.OnResolve: Microsoft.Diagnostics.NETCore.Client: Resolving assembly.
TpTrace Information: 0 : 22764, 1, 2023/05/03, 14:12:56.777, 16536581840793, vstest.console.dll, AssemblyResolver.OnResolve: Resolved assembly: Microsoft.Diagnostics.NETCore.Client, from path: C:\Program Files\dotnet\sdk\6.0.100-preview.3.21202.5\Extensions\Microsoft.Diagnostics.NETCore.Client.dll
TpTrace Information: 0 : 22764, 1, 2023/05/03, 14:12:56.807, 16536582137848, vstest.console.dll, AssemblyResolver.OnResolve: Microsoft.Bcl.AsyncInterfaces: Resolving assembly.
TpTrace Information: 0 : 22764, 1, 2023/05/03, 14:12:56.807, 16536582143928, vstest.console.dll, AssemblyResolver.OnResolve: Microsoft.Bcl.AsyncInterfaces: Failed to load assembly.
TpTrace Verbose: 0 : 22764, 1, 2023/05/03, 14:12:56.807, 16536582145173, vstest.console.dll, CurrentDomain_AssemblyResolve: Resolving assembly 'Microsoft.Bcl.AsyncInterfaces'.
TpTrace Information: 0 : 22764, 1, 2023/05/03, 14:12:56.808, 16536582146821, vstest.console.dll, AssemblyResolver.OnResolve: Microsoft.Bcl.AsyncInterfaces: Resolving assembly.
TpTrace Information: 0 : 22764, 1, 2023/05/03, 14:12:56.808, 16536582148088, vstest.console.dll, AssemblyResolver.OnResolve: Microsoft.Bcl.AsyncInterfaces: Resolved from cache.
TpTrace Verbose: 0 : 22764, 1, 2023/05/03, 14:12:56.808, 16536582148928, vstest.console.dll, CurrentDomain_AssemblyResolve: Resolving assembly 'Microsoft.Bcl.AsyncInterfaces'.
TpTrace Verbose: 0 : 22764, 1, 2023/05/03, 14:12:56.808, 16536582149962, vstest.console.dll, CurrentDomainAssemblyResolve: Failed to resolve assembly 'Microsoft.Bcl.AsyncInterfaces'.
TpTrace Verbose: 0 : 22764, 1, 2023/05/03, 14:12:56.815, 16536582224853, vstest.console.dll, CurrentDomainAssemblyResolve: Failed to resolve assembly 'Microsoft.Bcl.AsyncInterfaces'.
TpTrace Warning: 0 : 22764, 1, 2023/05/03, 14:12:56.898, 16536583051378, vstest.console.dll, TestPluginDiscoverer: Failed to get types from assembly 'Microsoft.Diagnostics.NETCore.Client, Version=0.2.2.41902, Culture=neutral, PublicKeyToken=31bf3856ad364e35'.  Skipping test extension scan for this assembly.  Error: System.Reflection.ReflectionTypeLoadException: Unable to load one or more of the requested types.
Could not load file or assembly 'Microsoft.Bcl.AsyncInterfaces, Version=1.0.0.0, Culture=neutral, PublicKeyToken=cc7b13ffcd2ddd51'. The system cannot find the file specified.
   at System.Reflection.RuntimeModule.GetTypes(RuntimeModule module)
   at System.Reflection.RuntimeModule.GetTypes()
   at System.Reflection.Assembly.GetTypes()
   at Microsoft.VisualStudio.TestPlatform.Common.ExtensionFramework.TestPluginDiscoverer.GetTestExtensionsFromAssembly[TPluginInfo,TExtension](Assembly assembly, Dictionary`2 pluginInfos)
System.IO.FileNotFoundException: Could not load file or assembly 'Microsoft.Bcl.AsyncInterfaces, Version=1.0.0.0, Culture=neutral, PublicKeyToken=cc7b13ffcd2ddd51'. The system cannot find the file specified.
File name: 'Microsoft.Bcl.AsyncInterfaces, Version=1.0.0.0, Culture=neutral, PublicKeyToken=cc7b13ffcd2ddd51'
 ---> System.IO.FileNotFoundException: Could not load file or assembly 'Microsoft.Bcl.AsyncInterfaces, Culture=neutral, PublicKeyToken=null'. The system cannot find the file specified.
File name: 'Microsoft.Bcl.AsyncInterfaces, Culture=neutral, PublicKeyToken=null'
   at System.Reflection.RuntimeAssembly.InternalLoad(ObjectHandleOnStack assemblyName, ObjectHandleOnStack requestingAssembly, StackCrawlMarkHandle stackMark, Boolean throwOnFileNotFound, ObjectHandleOnStack assemblyLoadContext, ObjectHandleOnStack retAssembly)
   at System.Reflection.RuntimeAssembly.InternalLoad(AssemblyName assemblyName, RuntimeAssembly requestingAssembly, StackCrawlMark& stackMark, Boolean throwOnFileNotFound, AssemblyLoadContext assemblyLoadContext)
   at System.Reflection.Assembly.Load(AssemblyName assemblyRef)
   at Microsoft.VisualStudio.TestPlatform.Common.ExtensionFramework.TestPluginCache.CurrentDomainAssemblyResolve(Object sender, AssemblyResolveEventArgs args)
   at Microsoft.VisualStudio.TestPlatform.PlatformAbstractions.PlatformAssemblyResolver.AssemblyResolverEvent(Object sender, Object eventArgs)
   at System.Runtime.Loader.AssemblyLoadContext.GetFirstResolvedAssemblyFromResolvingEvent(AssemblyName assemblyName)
   at System.Runtime.Loader.AssemblyLoadContext.ResolveUsingEvent(AssemblyName assemblyName)
   at System.Runtime.Loader.AssemblyLoadContext.ResolveUsingResolvingEvent(IntPtr gchManagedAssemblyLoadContext, AssemblyName assemblyName)
TpTrace Warning: 0 : 22764, 1, 2023/05/03, 14:12:56.899, 16536583055407, vstest.console.dll, LoaderExceptions: System.IO.FileNotFoundException: Could not load file or assembly 'Microsoft.Bcl.AsyncInterfaces, Version=1.0.0.0, Culture=neutral, PublicKeyToken=cc7b13ffcd2ddd51'. The system cannot find the file specified.
File name: 'Microsoft.Bcl.AsyncInterfaces, Version=1.0.0.0, Culture=neutral, PublicKeyToken=cc7b13ffcd2ddd51'
 ---> System.IO.FileNotFoundException: Could not load file or assembly 'Microsoft.Bcl.AsyncInterfaces, Culture=neutral, PublicKeyToken=null'. The system cannot find the file specified.
File name: 'Microsoft.Bcl.AsyncInterfaces, Culture=neutral, PublicKeyToken=null'
   at System.Reflection.RuntimeAssembly.InternalLoad(ObjectHandleOnStack assemblyName, ObjectHandleOnStack requestingAssembly, StackCrawlMarkHandle stackMark, Boolean throwOnFileNotFound, ObjectHandleOnStack assemblyLoadContext, ObjectHandleOnStack retAssembly)
   at System.Reflection.RuntimeAssembly.InternalLoad(AssemblyName assemblyName, RuntimeAssembly requestingAssembly, StackCrawlMark& stackMark, Boolean throwOnFileNotFound, AssemblyLoadContext assemblyLoadContext)
   at System.Reflection.Assembly.Load(AssemblyName assemblyRef)
   at Microsoft.VisualStudio.TestPlatform.Common.ExtensionFramework.TestPluginCache.CurrentDomainAssemblyResolve(Object sender, AssemblyResolveEventArgs args)
   at Microsoft.VisualStudio.TestPlatform.PlatformAbstractions.PlatformAssemblyResolver.AssemblyResolverEvent(Object sender, Object eventArgs)
   at System.Runtime.Loader.AssemblyLoadContext.GetFirstResolvedAssemblyFromResolvingEvent(AssemblyName assemblyName)
   at System.Runtime.Loader.AssemblyLoadContext.ResolveUsingEvent(AssemblyName assemblyName)
   at System.Runtime.Loader.AssemblyLoadContext.ResolveUsingResolvingEvent(IntPtr gchManagedAssemblyLoadContext, AssemblyName assemblyName)
TpTrace Information: 0 : 22764, 1, 2023/05/03, 14:12:56.899, 16536583057909, vstest.console.dll, AssemblyResolver.OnResolve: Microsoft.TestPlatform.Extensions.BlameDataCollector: Resolving assembly.
TpTrace Information: 0 : 22764, 1, 2023/05/03, 14:12:56.902, 16536583091852, vstest.console.dll, AssemblyResolver.OnResolve: Resolved assembly: Microsoft.TestPlatform.Extensions.BlameDataCollector, from path: C:\Program Files\dotnet\sdk\6.0.100-preview.3.21202.5\Extensions\Microsoft.TestPlatform.Extensions.BlameDataCollector.dll
TpTrace Information: 0 : 22764, 1, 2023/05/03, 14:12:56.906, 16536583127781, vstest.console.dll, AssemblyResolver.OnResolve: Microsoft.TestPlatform.Extensions.EventLogCollector: Resolving assembly.
TpTrace Information: 0 : 22764, 1, 2023/05/03, 14:12:56.909, 16536583155521, vstest.console.dll, AssemblyResolver.OnResolve: Resolved assembly: Microsoft.TestPlatform.Extensions.EventLogCollector, from path: C:\Program Files\dotnet\sdk\6.0.100-preview.3.21202.5\Extensions\Microsoft.TestPlatform.Extensions.EventLogCollector.dll
TpTrace Information: 0 : 22764, 1, 2023/05/03, 14:12:56.913, 16536583195737, vstest.console.dll, AssemblyResolver.OnResolve: Microsoft.TestPlatform.TestHostRuntimeProvider: Resolving assembly.
TpTrace Information: 0 : 22764, 1, 2023/05/03, 14:12:56.915, 16536583224121, vstest.console.dll, AssemblyResolver.OnResolve: Resolved assembly: Microsoft.TestPlatform.TestHostRuntimeProvider, from path: C:\Program Files\dotnet\sdk\6.0.100-preview.3.21202.5\Extensions\Microsoft.TestPlatform.TestHostRuntimeProvider.dll
TpTrace Information: 0 : 22764, 1, 2023/05/03, 14:12:56.918, 16536583249467, vstest.console.dll, AssemblyResolver.OnResolve: Microsoft.VisualStudio.TestPlatform.Extensions.Html.TestLogger: Resolving assembly.
TpTrace Information: 0 : 22764, 1, 2023/05/03, 14:12:56.920, 16536583267430, vstest.console.dll, AssemblyResolver.OnResolve: Resolved assembly: Microsoft.VisualStudio.TestPlatform.Extensions.Html.TestLogger, from path: C:\Program Files\dotnet\sdk\6.0.100-preview.3.21202.5\Extensions\Microsoft.VisualStudio.TestPlatform.Extensions.Html.TestLogger.dll
TpTrace Information: 0 : 22764, 1, 2023/05/03, 14:12:56.920, 16536583274992, vstest.console.dll, AssemblyResolver.OnResolve: Microsoft.VisualStudio.TestPlatform.Extensions.Trx.TestLogger: Resolving assembly.
TpTrace Information: 0 : 22764, 1, 2023/05/03, 14:12:56.924, 16536583308947, vstest.console.dll, AssemblyResolver.OnResolve: Resolved assembly: Microsoft.VisualStudio.TestPlatform.Extensions.Trx.TestLogger, from path: C:\Program Files\dotnet\sdk\6.0.100-preview.3.21202.5\Extensions\Microsoft.VisualStudio.TestPlatform.Extensions.Trx.TestLogger.dll
TpTrace Verbose: 0 : 22764, 1, 2023/05/03, 14:12:56.925, 16536583320488, vstest.console.dll, TestPluginCache: Discovered the extensions using extension path ''.
TpTrace Verbose: 0 : 22764, 1, 2023/05/03, 14:12:56.925, 16536583321806, vstest.console.dll, TestPluginCache: Discoverers are ''.
TpTrace Verbose: 0 : 22764, 1, 2023/05/03, 14:12:56.925, 16536583322427, vstest.console.dll, TestPluginCache: Executors are ''.
TpTrace Verbose: 0 : 22764, 1, 2023/05/03, 14:12:56.925, 16536583322962, vstest.console.dll, TestPluginCache: Executors2 are ''.
TpTrace Verbose: 0 : 22764, 1, 2023/05/03, 14:12:56.925, 16536583323494, vstest.console.dll, TestPluginCache: Setting providers are ''.
TpTrace Verbose: 0 : 22764, 1, 2023/05/03, 14:12:56.925, 16536583324007, vstest.console.dll, TestPluginCache: Loggers are ''.
TpTrace Information: 0 : 22764, 1, 2023/05/03, 14:12:56.936, 16536583428390, vstest.console.dll, RunTestsArgumentProcessor:Execute: Test run is starting.
TpTrace Verbose: 0 : 22764, 1, 2023/05/03, 14:12:56.936, 16536583430050, vstest.console.dll, RunTestsArgumentProcessor:Execute: Queuing Test run.
TpTrace Information: 0 : 22764, 1, 2023/05/03, 14:12:56.937, 16536583438318, vstest.console.dll, TestRequestManager.RunTests: run tests started.
TpTrace Information: 0 : 22764, 1, 2023/05/03, 14:12:56.946, 16536583530774, vstest.console.dll, AssemblyMetadataProvider.GetFrameWork: Determined framework:'.NETCoreApp,Version=v5.0' for source: 'C:\Users\malki\OneDrive\Documents\CalculateSquare\tests\CalculateArea.UnitTests\bin\Debug\net5.0\fine-code-coverage\build-output\CalculateArea.UnitTests.dll'
TpTrace Information: 0 : 22764, 1, 2023/05/03, 14:12:56.947, 16536583537153, vstest.console.dll, Determined framework for all sources: .NETCoreApp,Version=v5.0
TpTrace Information: 0 : 22764, 1, 2023/05/03, 14:12:56.949, 16536583556034, vstest.console.dll, AssemblyMetadataProvider.GetArchitecture: Determined architecture:AnyCPU info for assembly: C:\Users\malki\OneDrive\Documents\CalculateSquare\tests\CalculateArea.UnitTests\bin\Debug\net5.0\fine-code-coverage\build-output\CalculateArea.UnitTests.dll
TpTrace Information: 0 : 22764, 1, 2023/05/03, 14:12:56.957, 16536583636748, vstest.console.dll, Determined platform for all sources: X64
TpTrace Information: 0 : 22764, 1, 2023/05/03, 14:12:56.966, 16536583730628, vstest.console.dll, Compatible sources list : 
TpTrace Information: 0 : 22764, 1, 2023/05/03, 14:12:56.966, 16536583732992, vstest.console.dll, C:\Users\malki\OneDrive\Documents\CalculateSquare\tests\CalculateArea.UnitTests\bin\Debug\net5.0\fine-code-coverage\build-output\CalculateArea.UnitTests.dll
TpTrace Information: 0 : 22764, 1, 2023/05/03, 14:12:56.978, 16536583846471, vstest.console.dll, InferRunSettingsHelper.IsTestSettingsEnabled: Unable to navigate to RunSettings/MSTest. Current node: RunSettings
TpTrace Information: 0 : 22764, 1, 2023/05/03, 14:12:56.981, 16536583884029, vstest.console.dll, AssemblyResolver.OnResolve: Microsoft.VisualStudio.TestPlatform.Fakes: Resolving assembly.
TpTrace Information: 0 : 22764, 1, 2023/05/03, 14:12:56.983, 16536583897621, vstest.console.dll, AssemblyResolver.OnResolve: Microsoft.VisualStudio.TestPlatform.Fakes: Failed to load assembly.
TpTrace Information: 0 : 22764, 1, 2023/05/03, 14:12:56.984, 16536583912519, vstest.console.dll, Failed to create newly implemented Fakes Configurator. Reason:System.IO.FileNotFoundException: Could not load file or assembly 'Microsoft.VisualStudio.TestPlatform.Fakes, Version=16.0.0.0, Culture=neutral, PublicKeyToken=null'. The system cannot find the file specified.
File name: 'Microsoft.VisualStudio.TestPlatform.Fakes, Version=16.0.0.0, Culture=neutral, PublicKeyToken=null'
   at System.Reflection.RuntimeAssembly.InternalLoad(ObjectHandleOnStack assemblyName, ObjectHandleOnStack requestingAssembly, StackCrawlMarkHandle stackMark, Boolean throwOnFileNotFound, ObjectHandleOnStack assemblyLoadContext, ObjectHandleOnStack retAssembly)
   at System.Reflection.RuntimeAssembly.InternalLoad(AssemblyName assemblyName, RuntimeAssembly requestingAssembly, StackCrawlMark& stackMark, Boolean throwOnFileNotFound, AssemblyLoadContext assemblyLoadContext)
   at System.Reflection.Assembly.Load(AssemblyName assemblyRef)
   at Microsoft.VisualStudio.TestPlatform.Common.Utilities.FakesUtilities.TryGetFakesCrossPlatformDataCollectorConfigurator() 
TpTrace Verbose: 0 : 22764, 1, 2023/05/03, 14:12:56.996, 16536584033984, vstest.console.dll, TestPluginCache.DiscoverTestExtensions: finding test extensions in assemblies ends with: TestLogger.dll TPluginInfo: Microsoft.VisualStudio.TestPlatform.Common.ExtensionFramework.Utilities.TestLoggerPluginInformation TExtension: Microsoft.VisualStudio.TestPlatform.ObjectModel.Client.ITestLogger
TpTrace Verbose: 0 : 22764, 1, 2023/05/03, 14:12:56.997, 16536584036427, vstest.console.dll, TestPluginCache.GetExtensionPaths: Filtered extension paths: 
TpTrace Verbose: 0 : 22764, 1, 2023/05/03, 14:12:56.997, 16536584037522, vstest.console.dll, TestPluginCache.GetExtensionPaths: Added default extension paths: C:\Program Files\dotnet\sdk\6.0.100-preview.3.21202.5\Extensions\Microsoft.Diagnostics.NETCore.Client.dll
C:\Program Files\dotnet\sdk\6.0.100-preview.3.21202.5\Extensions\Microsoft.TestPlatform.Extensions.BlameDataCollector.dll
C:\Program Files\dotnet\sdk\6.0.100-preview.3.21202.5\Extensions\Microsoft.TestPlatform.Extensions.EventLogCollector.dll
C:\Program Files\dotnet\sdk\6.0.100-preview.3.21202.5\Extensions\Microsoft.TestPlatform.TestHostRuntimeProvider.dll
C:\Program Files\dotnet\sdk\6.0.100-preview.3.21202.5\Extensions\Microsoft.VisualStudio.TestPlatform.Extensions.Html.TestLogger.dll
C:\Program Files\dotnet\sdk\6.0.100-preview.3.21202.5\Extensions\Microsoft.VisualStudio.TestPlatform.Extensions.Trx.TestLogger.dll
TpTrace Verbose: 0 : 22764, 1, 2023/05/03, 14:12:56.997, 16536584038768, vstest.console.dll, TestPluginCache.GetExtensionPaths: Added unfilterableExtensionPaths: 
TpTrace Information: 0 : 22764, 1, 2023/05/03, 14:12:56.997, 16536584042395, vstest.console.dll, AssemblyResolver.AddSearchDirectories: Adding more searchDirectories C:\Program Files\dotnet\sdk\6.0.100-preview.3.21202.5\Extensions,C:\Program Files\dotnet\sdk\6.0.100-preview.3.21202.5
TpTrace Verbose: 0 : 22764, 1, 2023/05/03, 14:12:56.997, 16536584043562, vstest.console.dll, TestPluginCache.DiscoverTestExtensions: Discovering the extensions using extension path.
TpTrace Verbose: 0 : 22764, 1, 2023/05/03, 14:12:56.997, 16536584044844, vstest.console.dll, TestPluginCache.GetExtensionPaths: Filtered extension paths: 
TpTrace Verbose: 0 : 22764, 1, 2023/05/03, 14:12:56.998, 16536584045659, vstest.console.dll, TestPluginCache.GetExtensionPaths: Added default extension paths: C:\Program Files\dotnet\sdk\6.0.100-preview.3.21202.5\Extensions\Microsoft.Diagnostics.NETCore.Client.dll
C:\Program Files\dotnet\sdk\6.0.100-preview.3.21202.5\Extensions\Microsoft.TestPlatform.Extensions.BlameDataCollector.dll
C:\Program Files\dotnet\sdk\6.0.100-preview.3.21202.5\Extensions\Microsoft.TestPlatform.Extensions.EventLogCollector.dll
C:\Program Files\dotnet\sdk\6.0.100-preview.3.21202.5\Extensions\Microsoft.TestPlatform.TestHostRuntimeProvider.dll
C:\Program Files\dotnet\sdk\6.0.100-preview.3.21202.5\Extensions\Microsoft.VisualStudio.TestPlatform.Extensions.Html.TestLogger.dll
C:\Program Files\dotnet\sdk\6.0.100-preview.3.21202.5\Extensions\Microsoft.VisualStudio.TestPlatform.Extensions.Trx.TestLogger.dll
TpTrace Verbose: 0 : 22764, 1, 2023/05/03, 14:12:56.998, 16536584046528, vstest.console.dll, TestPluginCache.GetExtensionPaths: Added unfilterableExtensionPaths: 
TpTrace Verbose: 0 : 22764, 1, 2023/05/03, 14:12:56.998, 16536584047516, vstest.console.dll, TestPluginCache.DiscoverTestExtensions: Discovering the extensions using allExtensionPaths: C:\Program Files\dotnet\sdk\6.0.100-preview.3.21202.5\Extensions\Microsoft.Diagnostics.NETCore.Client.dll
C:\Program Files\dotnet\sdk\6.0.100-preview.3.21202.5\Extensions\Microsoft.TestPlatform.Extensions.BlameDataCollector.dll
C:\Program Files\dotnet\sdk\6.0.100-preview.3.21202.5\Extensions\Microsoft.TestPlatform.Extensions.EventLogCollector.dll
C:\Program Files\dotnet\sdk\6.0.100-preview.3.21202.5\Extensions\Microsoft.TestPlatform.TestHostRuntimeProvider.dll
C:\Program Files\dotnet\sdk\6.0.100-preview.3.21202.5\Extensions\Microsoft.VisualStudio.TestPlatform.Extensions.Html.TestLogger.dll
C:\Program Files\dotnet\sdk\6.0.100-preview.3.21202.5\Extensions\Microsoft.VisualStudio.TestPlatform.Extensions.Trx.TestLogger.dll
TpTrace Information: 0 : 22764, 1, 2023/05/03, 14:12:56.998, 16536584049016, vstest.console.dll, AssemblyResolver.AddSearchDirectories: Adding more searchDirectories C:\Program Files\dotnet\sdk\6.0.100-preview.3.21202.5\Extensions,C:\Program Files\dotnet\sdk\6.0.100-preview.3.21202.5
TpTrace Information: 0 : 22764, 1, 2023/05/03, 14:12:56.998, 16536584049829, vstest.console.dll, AssemblyResolver.AddSearchDirectories: Adding more searchDirectories C:\Program Files\dotnet\sdk\6.0.100-preview.3.21202.5\Extensions,C:\Program Files\dotnet\sdk\6.0.100-preview.3.21202.5
TpTrace Information: 0 : 22764, 1, 2023/05/03, 14:12:56.998, 16536584050684, vstest.console.dll, AssemblyResolver.AddSearchDirectories: Adding more searchDirectories C:\Program Files\dotnet\sdk\6.0.100-preview.3.21202.5\Extensions,C:\Program Files\dotnet\sdk\6.0.100-preview.3.21202.5
TpTrace Information: 0 : 22764, 1, 2023/05/03, 14:12:56.998, 16536584051492, vstest.console.dll, AssemblyResolver.AddSearchDirectories: Adding more searchDirectories C:\Program Files\dotnet\sdk\6.0.100-preview.3.21202.5\Extensions,C:\Program Files\dotnet\sdk\6.0.100-preview.3.21202.5
TpTrace Information: 0 : 22764, 1, 2023/05/03, 14:12:56.998, 16536584052230, vstest.console.dll, AssemblyResolver.AddSearchDirectories: Adding more searchDirectories C:\Program Files\dotnet\sdk\6.0.100-preview.3.21202.5\Extensions,C:\Program Files\dotnet\sdk\6.0.100-preview.3.21202.5
TpTrace Information: 0 : 22764, 1, 2023/05/03, 14:12:56.998, 16536584053091, vstest.console.dll, AssemblyResolver.AddSearchDirectories: Adding more searchDirectories C:\Program Files\dotnet\sdk\6.0.100-preview.3.21202.5\Extensions,C:\Program Files\dotnet\sdk\6.0.100-preview.3.21202.5
TpTrace Information: 0 : 22764, 1, 2023/05/03, 14:12:56.999, 16536584059521, vstest.console.dll, AssemblyResolver.OnResolve: Microsoft.Bcl.AsyncInterfaces: Resolving assembly.
TpTrace Information: 0 : 22764, 1, 2023/05/03, 14:12:56.999, 16536584060529, vstest.console.dll, AssemblyResolver.OnResolve: Microsoft.Bcl.AsyncInterfaces: Resolved from cache.
TpTrace Verbose: 0 : 22764, 1, 2023/05/03, 14:12:56.999, 16536584061245, vstest.console.dll, CurrentDomain_AssemblyResolve: Resolving assembly 'Microsoft.Bcl.AsyncInterfaces'.
TpTrace Information: 0 : 22764, 1, 2023/05/03, 14:12:56.999, 16536584062635, vstest.console.dll, AssemblyResolver.OnResolve: Microsoft.Bcl.AsyncInterfaces: Resolving assembly.
TpTrace Information: 0 : 22764, 1, 2023/05/03, 14:12:56.999, 16536584063409, vstest.console.dll, AssemblyResolver.OnResolve: Microsoft.Bcl.AsyncInterfaces: Resolved from cache.
TpTrace Verbose: 0 : 22764, 1, 2023/05/03, 14:12:56.999, 16536584064080, vstest.console.dll, CurrentDomain_AssemblyResolve: Resolving assembly 'Microsoft.Bcl.AsyncInterfaces'.
TpTrace Verbose: 0 : 22764, 1, 2023/05/03, 14:12:56.999, 16536584064686, vstest.console.dll, CurrentDomainAssemblyResolve: Failed to resolve assembly 'Microsoft.Bcl.AsyncInterfaces'.
TpTrace Verbose: 0 : 22764, 1, 2023/05/03, 14:12:57.000, 16536584067926, vstest.console.dll, CurrentDomainAssemblyResolve: Failed to resolve assembly 'Microsoft.Bcl.AsyncInterfaces'.
TpTrace Warning: 0 : 22764, 1, 2023/05/03, 14:12:57.001, 16536584076430, vstest.console.dll, TestPluginDiscoverer: Failed to get types from assembly 'Microsoft.Diagnostics.NETCore.Client, Version=0.2.2.41902, Culture=neutral, PublicKeyToken=31bf3856ad364e35'.  Skipping test extension scan for this assembly.  Error: System.Reflection.ReflectionTypeLoadException: Unable to load one or more of the requested types.
Could not load file or assembly 'Microsoft.Bcl.AsyncInterfaces, Version=1.0.0.0, Culture=neutral, PublicKeyToken=cc7b13ffcd2ddd51'. The system cannot find the file specified.
   at System.Reflection.RuntimeModule.GetTypes(RuntimeModule module)
   at System.Reflection.RuntimeModule.GetTypes()
   at System.Reflection.Assembly.GetTypes()
   at Microsoft.VisualStudio.TestPlatform.Common.ExtensionFramework.TestPluginDiscoverer.GetTestExtensionsFromAssembly[TPluginInfo,TExtension](Assembly assembly, Dictionary`2 pluginInfos)
System.IO.FileNotFoundException: Could not load file or assembly 'Microsoft.Bcl.AsyncInterfaces, Version=1.0.0.0, Culture=neutral, PublicKeyToken=cc7b13ffcd2ddd51'. The system cannot find the file specified.
File name: 'Microsoft.Bcl.AsyncInterfaces, Version=1.0.0.0, Culture=neutral, PublicKeyToken=cc7b13ffcd2ddd51'
 ---> System.IO.FileNotFoundException: Could not load file or assembly 'Microsoft.Bcl.AsyncInterfaces, Culture=neutral, PublicKeyToken=null'. The system cannot find the file specified.
File name: 'Microsoft.Bcl.AsyncInterfaces, Culture=neutral, PublicKeyToken=null'
   at System.Reflection.RuntimeAssembly.InternalLoad(ObjectHandleOnStack assemblyName, ObjectHandleOnStack requestingAssembly, StackCrawlMarkHandle stackMark, Boolean throwOnFileNotFound, ObjectHandleOnStack assemblyLoadContext, ObjectHandleOnStack retAssembly)
   at System.Reflection.RuntimeAssembly.InternalLoad(AssemblyName assemblyName, RuntimeAssembly requestingAssembly, StackCrawlMark& stackMark, Boolean throwOnFileNotFound, AssemblyLoadContext assemblyLoadContext)
   at System.Reflection.Assembly.Load(AssemblyName assemblyRef)
   at Microsoft.VisualStudio.TestPlatform.Common.ExtensionFramework.TestPluginCache.CurrentDomainAssemblyResolve(Object sender, AssemblyResolveEventArgs args)
   at Microsoft.VisualStudio.TestPlatform.PlatformAbstractions.PlatformAssemblyResolver.AssemblyResolverEvent(Object sender, Object eventArgs)
   at System.Runtime.Loader.AssemblyLoadContext.GetFirstResolvedAssemblyFromResolvingEvent(AssemblyName assemblyName)
   at System.Runtime.Loader.AssemblyLoadContext.ResolveUsingEvent(AssemblyName assemblyName)
   at System.Runtime.Loader.AssemblyLoadContext.ResolveUsingResolvingEvent(IntPtr gchManagedAssemblyLoadContext, AssemblyName assemblyName)
TpTrace Warning: 0 : 22764, 1, 2023/05/03, 14:12:57.001, 16536584080127, vstest.console.dll, LoaderExceptions: System.IO.FileNotFoundException: Could not load file or assembly 'Microsoft.Bcl.AsyncInterfaces, Version=1.0.0.0, Culture=neutral, PublicKeyToken=cc7b13ffcd2ddd51'. The system cannot find the file specified.
File name: 'Microsoft.Bcl.AsyncInterfaces, Version=1.0.0.0, Culture=neutral, PublicKeyToken=cc7b13ffcd2ddd51'
 ---> System.IO.FileNotFoundException: Could not load file or assembly 'Microsoft.Bcl.AsyncInterfaces, Culture=neutral, PublicKeyToken=null'. The system cannot find the file specified.
File name: 'Microsoft.Bcl.AsyncInterfaces, Culture=neutral, PublicKeyToken=null'
   at System.Reflection.RuntimeAssembly.InternalLoad(ObjectHandleOnStack assemblyName, ObjectHandleOnStack requestingAssembly, StackCrawlMarkHandle stackMark, Boolean throwOnFileNotFound, ObjectHandleOnStack assemblyLoadContext, ObjectHandleOnStack retAssembly)
   at System.Reflection.RuntimeAssembly.InternalLoad(AssemblyName assemblyName, RuntimeAssembly requestingAssembly, StackCrawlMark& stackMark, Boolean throwOnFileNotFound, AssemblyLoadContext assemblyLoadContext)
   at System.Reflection.Assembly.Load(AssemblyName assemblyRef)
   at Microsoft.VisualStudio.TestPlatform.Common.ExtensionFramework.TestPluginCache.CurrentDomainAssemblyResolve(Object sender, AssemblyResolveEventArgs args)
   at Microsoft.VisualStudio.TestPlatform.PlatformAbstractions.PlatformAssemblyResolver.AssemblyResolverEvent(Object sender, Object eventArgs)
   at System.Runtime.Loader.AssemblyLoadContext.GetFirstResolvedAssemblyFromResolvingEvent(AssemblyName assemblyName)
   at System.Runtime.Loader.AssemblyLoadContext.ResolveUsingEvent(AssemblyName assemblyName)
   at System.Runtime.Loader.AssemblyLoadContext.ResolveUsingResolvingEvent(IntPtr gchManagedAssemblyLoadContext, AssemblyName assemblyName)
TpTrace Verbose: 0 : 22764, 1, 2023/05/03, 14:12:57.002, 16536584089150, vstest.console.dll, TestPluginCache: Discovered the extensions using extension path ''.
TpTrace Verbose: 0 : 22764, 1, 2023/05/03, 14:12:57.002, 16536584090339, vstest.console.dll, TestPluginCache: Discoverers are ''.
TpTrace Verbose: 0 : 22764, 1, 2023/05/03, 14:12:57.002, 16536584090956, vstest.console.dll, TestPluginCache: Executors are ''.
TpTrace Verbose: 0 : 22764, 1, 2023/05/03, 14:12:57.002, 16536584091512, vstest.console.dll, TestPluginCache: Executors2 are ''.
TpTrace Verbose: 0 : 22764, 1, 2023/05/03, 14:12:57.002, 16536584092101, vstest.console.dll, TestPluginCache: Setting providers are ''.
TpTrace Verbose: 0 : 22764, 1, 2023/05/03, 14:12:57.002, 16536584093693, vstest.console.dll, TestPluginCache: Loggers are 'logger://Microsoft/TestPlatform/Extensions/Blame/v1,logger://Microsoft/TestPlatform/HtmlLogger/v1,logger://Microsoft/TestPlatform/TrxLogger/v1'.
TpTrace Information: 0 : 22764, 1, 2023/05/03, 14:12:57.004, 16536584111553, vstest.console.dll, TestPluginManager.CreateTestExtension: Attempting to load test extension: Microsoft.TestPlatform.Extensions.BlameDataCollector.BlameLogger
TpTrace Information: 0 : 22764, 1, 2023/05/03, 14:12:57.020, 16536584266119, vstest.console.dll, TestPluginManager.CreateTestExtension: Attempting to load test extension: Microsoft.VisualStudio.TestPlatform.CrossPlatEngine.Hosting.DefaultTestHostManager
TpTrace Information: 0 : 22764, 1, 2023/05/03, 14:12:57.020, 16536584272075, vstest.console.dll, TestPluginManager.CreateTestExtension: Attempting to load test extension: Microsoft.VisualStudio.TestPlatform.CrossPlatEngine.Hosting.DotnetTestHostManager
TpTrace Verbose: 0 : 22764, 1, 2023/05/03, 14:12:57.021, 16536584283959, vstest.console.dll, TestEngine: Initializing Parallel Execution as MaxCpuCount is set to: 1
TpTrace Information: 0 : 22764, 1, 2023/05/03, 14:12:57.023, 16536584296333, vstest.console.dll, InferRunSettingsHelper.IsTestSettingsEnabled: Unable to navigate to RunSettings/MSTest. Current node: RunSettings
TpTrace Verbose: 0 : 22764, 1, 2023/05/03, 14:12:57.057, 16536584641691, vstest.console.dll, TestRequestSender is acting as server
TpTrace Verbose: 0 : 22764, 5, 2023/05/03, 14:12:57.068, 16536584745641, vstest.console.dll, DataCollectionRequestSender.InitializeCommunication : Initialize communication. 
TpTrace Information: 0 : 22764, 5, 2023/05/03, 14:12:57.085, 16536584920089, vstest.console.dll, Listening on Endpoint : 127.0.0.1:52241
TpTrace Verbose: 0 : 22764, 5, 2023/05/03, 14:12:57.135, 16536585425242, vstest.console.dll, DotnetDataCollectionLauncher: Full path of dotnet.exe is C:\Program Files\dotnet\dotnet.exe
TpTrace Verbose: 0 : 22764, 5, 2023/05/03, 14:12:57.136, 16536585432347, vstest.console.dll, DotnetDataCollectionLauncher: Adding  --runtimeconfig "C:\Program Files\dotnet\sdk\6.0.100-preview.3.21202.5\datacollector.runtimeconfig.json" in args
TpTrace Verbose: 0 : 22764, 5, 2023/05/03, 14:12:57.137, 16536585435511, vstest.console.dll, DotnetDataCollectionLauncher: Adding  --depsfile "C:\Program Files\dotnet\sdk\6.0.100-preview.3.21202.5\datacollector.deps.json" in args
TpTrace Information: 0 : 22764, 5, 2023/05/03, 14:12:57.178, 16536585851943, vstest.console.dll, ProxyDataCollectionManager.Initialize: Launched datacollector processId: 25744 port: 52241
TpTrace Information: 0 : 22764, 5, 2023/05/03, 14:12:57.179, 16536585860042, vstest.console.dll, ProxyDataCollectionManager.Initialize: waiting for connection with timeout: 90 seconds
TpTrace Verbose: 0 : 22764, 5, 2023/05/03, 14:12:57.179, 16536585863903, vstest.console.dll, DataCollectionRequestSender.WaitForRequestHandlerConnection : Waiting for connection with timeout: 90000
TpTrace Information: 0 : 22764, 8, 2023/05/03, 14:12:57.682, 16536590888528, vstest.console.dll, Using the buffer size of 16384 bytes
TpTrace Verbose: 0 : 22764, 5, 2023/05/03, 14:12:57.682, 16536590889878, vstest.console.dll, ProxyDataCollectionManager.InvokeDataCollectionServiceAction: Starting.
TpTrace Information: 0 : 22764, 8, 2023/05/03, 14:12:57.682, 16536590892350, vstest.console.dll, Accepted Client request and set the flag
TpTrace Information: 0 : 22764, 5, 2023/05/03, 14:12:57.683, 16536590895317, vstest.console.dll, ProxyDataCollectionManager.BeforeTestRunStart: Get environment variable and port for datacollector processId: 25744 port: 52241
TpTrace Verbose: 0 : 22764, 5, 2023/05/03, 14:12:57.683, 16536590899019, vstest.console.dll, DataCollectionRequestSender.SendBeforeTestRunStartAndGetResult : Send BeforeTestRunStart message with settingsXml <RunSettings><RunConfiguration><ResultsDirectory>C:\Users\malki\OneDrive\Documents\CalculateSquare\tests\CalculateArea.UnitTests\bin\Debug\net5.0\fine-code-coverage\coverage-tool-output</ResultsDirectory><TargetPlatform>X64</TargetPlatform><TargetFrameworkVersion>.NETCoreApp,Version=v5.0</TargetFrameworkVersion><DesignMode>False</DesignMode><CollectSourceInformation>False</CollectSourceInformation><TestAdaptersPaths>C:\Program Files\dotnet\sdk\6.0.100-preview.3.21202.5\Extensions</TestAdaptersPaths></RunConfiguration><LoggerRunSettings><Loggers><Logger friendlyName="blame" enabled="True" /><Logger friendlyName="Console" uri="logger://microsoft/TestPlatform/ConsoleLogger/v1" assemblyQualifiedName="Microsoft.VisualStudio.TestPlatform.CommandLine.Internal.ConsoleLogger, vstest.console, Version=15.0.0.0, Culture=neutral, PublicKeyToken=b03f5f7f11d50a3a" codeBase="C:\Program Files\dotnet\sdk\6.0.100-preview.3.21202.5\vstest.console.dll" enabled="True" /></Loggers></LoggerRunSettings><DataCollectionRunSettings><DataCollectors><DataCollector friendlyName="blame" enabled="True"><Configuration><ResultsDirectory>C:\Users\malki\OneDrive\Documents\CalculateSquare\tests\CalculateArea.UnitTests\bin\Debug\net5.0\fine-code-coverage\coverage-tool-output</ResultsDirectory></Configuration></DataCollector></DataCollectors></DataCollectionRunSettings></RunSettings> and sources System.Linq.Enumerable+Concat2Iterator`1[System.String]: 
TpTrace Verbose: 0 : 22764, 5, 2023/05/03, 14:12:57.902, 16536593088638, vstest.console.dll, DataCollectionRequestSender.SendBeforeTestRunStartAndGetResult : Received message: (DataCollection.SendMessage) -> {
  "FriendlyName": null,
  "Uri": null,
  "TestCaseId": "00000000-0000-0000-0000-000000000000",
  "Message": "Logging DataCollector Diagnostics in file: C:\\Users\\malki\\OneDrive\\Documents\\CalculateSquare\\tests\\CalculateArea.UnitTests\\bin\\Debug\\net5.0\\fine-code-coverage\\coverage-tool-output\\diagnostics.datacollector.23-05-03_14-12-57_11309_5.log",
  "Level": 0
}
TpTrace Verbose: 0 : 22764, 5, 2023/05/03, 14:12:58.199, 16536596062107, vstest.console.dll, DataCollectionRequestSender.SendBeforeTestRunStartAndGetResult : Received message: (DataCollection.BeforeTestRunStartResult) -> {
  "EnvironmentVariables": {},
  "DataCollectionEventsPort": 52243
}
TpTrace Information: 0 : 22764, 5, 2023/05/03, 14:12:58.229, 16536596361450, vstest.console.dll, ProxyDataCollectionManager.BeforeTestRunStart: SendBeforeTestRunStartAndGetResult successful, env variable from datacollector:   and testhost port: 52243
TpTrace Information: 0 : 22764, 5, 2023/05/03, 14:12:58.230, 16536596367902, vstest.console.dll, ProxyDataCollectionManager.InvokeDataCollectionServiceAction: Completed.
TpTrace Verbose: 0 : 22764, 1, 2023/05/03, 14:12:58.231, 16536596375674, vstest.console.dll, TestRunRequest.ExecuteAsync: Creating test run request.
TpTrace Verbose: 0 : 22764, 1, 2023/05/03, 14:12:58.232, 16536596393372, vstest.console.dll, TestRunRequest.ExecuteAsync: Starting.
TpTrace Information: 0 : 22764, 1, 2023/05/03, 14:12:58.236, 16536596426106, vstest.console.dll, TestRunRequest.ExecuteAsync: Starting run with settings:TestRunCriteria:
   KeepAlive=False,FrequencyOfRunStatsChangeEvent=10,RunStatsChangeEventTimeout=00:00:01.5000000,TestCaseFilter=,TestExecutorLauncher=
   Settingsxml=<RunSettings>
  <RunConfiguration>
    <ResultsDirectory>C:\Users\malki\OneDrive\Documents\CalculateSquare\tests\CalculateArea.UnitTests\bin\Debug\net5.0\fine-code-coverage\coverage-tool-output</ResultsDirectory>
    <TargetPlatform>X64</TargetPlatform>
    <TargetFrameworkVersion>.NETCoreApp,Version=v5.0</TargetFrameworkVersion>
    <DesignMode>False</DesignMode>
    <CollectSourceInformation>False</CollectSourceInformation>
  </RunConfiguration>
  <LoggerRunSettings>
    <Loggers>
      <Logger friendlyName="blame" enabled="True" />
      <Logger friendlyName="Console" uri="logger://microsoft/TestPlatform/ConsoleLogger/v1" assemblyQualifiedName="Microsoft.VisualStudio.TestPlatform.CommandLine.Internal.ConsoleLogger, vstest.console, Version=15.0.0.0, Culture=neutral, PublicKeyToken=b03f5f7f11d50a3a" codeBase="C:\Program Files\dotnet\sdk\6.0.100-preview.3.21202.5\vstest.console.dll" enabled="True" />
    </Loggers>
  </LoggerRunSettings>
  <DataCollectionRunSettings>
    <DataCollectors>
      <DataCollector friendlyName="blame" enabled="True">
        <Configuration>
          <ResultsDirectory>C:\Users\malki\OneDrive\Documents\CalculateSquare\tests\CalculateArea.UnitTests\bin\Debug\net5.0\fine-code-coverage\coverage-tool-output</ResultsDirectory>
        </Configuration>
      </DataCollector>
    </DataCollectors>
  </DataCollectionRunSettings>
</RunSettings>

TpTrace Verbose: 0 : 22764, 1, 2023/05/03, 14:12:58.236, 16536596432649, vstest.console.dll, TestRunRequest.ExecuteAsync: Wait for the first run request is over.
TpTrace Verbose: 0 : 22764, 1, 2023/05/03, 14:12:58.240, 16536596466863, vstest.console.dll, ParallelProxyExecutionManager: Start execution. Total sources: 1
TpTrace Information: 0 : 22764, 1, 2023/05/03, 14:12:58.244, 16536596512213, vstest.console.dll, ProxyParallelExecutionManager: Triggering test run for next source: C:\Users\malki\OneDrive\Documents\CalculateSquare\tests\CalculateArea.UnitTests\bin\Debug\net5.0\fine-code-coverage\build-output\CalculateArea.UnitTests.dll
TpTrace Verbose: 0 : 22764, 5, 2023/05/03, 14:12:58.245, 16536596520554, vstest.console.dll, ParallelProxyExecutionManager: Execution started. Started clients: 1
TpTrace Verbose: 0 : 22764, 1, 2023/05/03, 14:12:58.245, 16536596521445, vstest.console.dll, ProxyParallelExecutionManager: No sources available for execution.
TpTrace Information: 0 : 22764, 1, 2023/05/03, 14:12:58.246, 16536596527790, vstest.console.dll, TestRunRequest.ExecuteAsync: Started.
TpTrace Verbose: 0 : 22764, 1, 2023/05/03, 14:12:58.246, 16536596531270, vstest.console.dll, TestRunRequest.WaitForCompletion: Waiting with timeout -1.
TpTrace Verbose: 0 : 22764, 5, 2023/05/03, 14:12:58.247, 16536596544281, vstest.console.dll, TestRunRequest:SendTestRunMessage: Starting.
TpTrace Information: 0 : 22764, 5, 2023/05/03, 14:12:58.248, 16536596553652, vstest.console.dll, TestRunRequest:SendTestRunMessage: Completed.
TpTrace Verbose: 0 : 22764, 5, 2023/05/03, 14:12:58.250, 16536596569597, vstest.console.dll, ProxyExecutionManager: Test host is always Lazy initialize.
TpTrace Verbose: 0 : 22764, 5, 2023/05/03, 14:12:58.252, 16536596587467, vstest.console.dll, TestRequestSender.InitializeCommunication: initialize communication. 
TpTrace Information: 0 : 22764, 5, 2023/05/03, 14:12:58.255, 16536596615584, vstest.console.dll, SocketServer.Start: Listening on endpoint : 127.0.0.1:52244
TpTrace Verbose: 0 : 22764, 5, 2023/05/03, 14:12:58.259, 16536596659570, vstest.console.dll, DotnetTestHostmanager: Adding  --runtimeconfig "C:\Users\malki\OneDrive\Documents\CalculateSquare\tests\CalculateArea.UnitTests\bin\Debug\net5.0\fine-code-coverage\build-output\CalculateArea.UnitTests.runtimeconfig.json" in args
TpTrace Verbose: 0 : 22764, 5, 2023/05/03, 14:12:58.260, 16536596666888, vstest.console.dll, DotnetTestHostmanager: Adding  --depsfile "C:\Users\malki\OneDrive\Documents\CalculateSquare\tests\CalculateArea.UnitTests\bin\Debug\net5.0\fine-code-coverage\build-output\CalculateArea.UnitTests.deps.json" in args
TpTrace Verbose: 0 : 22764, 5, 2023/05/03, 14:12:58.261, 16536596679711, vstest.console.dll, DotnetTestHostManager: Testhost.exe/testhost.x86.exe found at path: C:\Users\malki\OneDrive\Documents\CalculateSquare\tests\CalculateArea.UnitTests\bin\Debug\net5.0\fine-code-coverage\build-output\testhost.exe
TpTrace Verbose: 0 : 22764, 5, 2023/05/03, 14:12:58.261, 16536596682411, vstest.console.dll, DotnetTestHostmanager: Full path of host exe is C:\Users\malki\OneDrive\Documents\CalculateSquare\tests\CalculateArea.UnitTests\bin\Debug\net5.0\fine-code-coverage\build-output\testhost.exe
TpTrace Verbose: 0 : 22764, 7, 2023/05/03, 14:12:58.265, 16536596724547, vstest.console.dll, DotnetTestHostManager: Starting process 'C:\Users\malki\OneDrive\Documents\CalculateSquare\tests\CalculateArea.UnitTests\bin\Debug\net5.0\fine-code-coverage\build-output\testhost.exe' with command line ' --runtimeconfig "C:\Users\malki\OneDrive\Documents\CalculateSquare\tests\CalculateArea.UnitTests\bin\Debug\net5.0\fine-code-coverage\build-output\CalculateArea.UnitTests.runtimeconfig.json" --depsfile "C:\Users\malki\OneDrive\Documents\CalculateSquare\tests\CalculateArea.UnitTests\bin\Debug\net5.0\fine-code-coverage\build-output\CalculateArea.UnitTests.deps.json" --port 52244 --endpoint 127.0.0.1:052244 --role client --parentprocessid 22764 --diag "C:\Users\malki\OneDrive\Documents\CalculateSquare\tests\CalculateArea.UnitTests\bin\Debug\net5.0\fine-code-coverage\coverage-tool-output\diagnostics.host.23-05-03_14-12-58_25732_5.log" --tracelevel 4 --datacollectionport 52243 --telemetryoptedin false'
TpTrace Verbose: 0 : 22764, 7, 2023/05/03, 14:12:58.290, 16536596971780, vstest.console.dll, Test Runtime launched
TpTrace Verbose: 0 : 22764, 5, 2023/05/03, 14:12:58.293, 16536597000583, vstest.console.dll, TestRequestSender.WaitForRequestHandlerConnection: waiting for connection with timeout: 90000
TpTrace Verbose: 0 : 22764, 13, 2023/05/03, 14:12:59.264, 16536606710983, vstest.console.dll, SocketServer.OnClientConnected: Client connected for endPoint: 127.0.0.1:52244, starting MessageLoopAsync:
TpTrace Verbose: 0 : 22764, 13, 2023/05/03, 14:12:59.266, 16536606731198, vstest.console.dll, TcpClientExtensions.MessageLoopAsync: Polling on remoteEndPoint: 127.0.0.1:52246 localEndPoint: 127.0.0.1:52244
TpTrace Verbose: 0 : 22764, 13, 2023/05/03, 14:12:59.847, 16536612542124, vstest.console.dll, TcpClientExtensions.MessageLoopAsync: NotifyDataAvailable remoteEndPoint: 127.0.0.1:52246 localEndPoint: 127.0.0.1:52244
TpTrace Verbose: 0 : 22764, 13, 2023/05/03, 14:12:59.848, 16536612551985, vstest.console.dll, TestRequestSender.CheckVersionWithTestHost: onMessageReceived received message: (ProtocolVersion) -> 5
TpTrace Verbose: 0 : 22764, 13, 2023/05/03, 14:12:59.850, 16536612575257, vstest.console.dll, TcpClientExtensions.MessageLoopAsync: Polling on remoteEndPoint: 127.0.0.1:52246 localEndPoint: 127.0.0.1:52244
TpTrace Verbose: 0 : 22764, 5, 2023/05/03, 14:12:59.851, 16536612576744, vstest.console.dll, TestPluginCache.GetExtensionPaths: Filtered extension paths: 
TpTrace Verbose: 0 : 22764, 5, 2023/05/03, 14:12:59.851, 16536612580594, vstest.console.dll, TestPluginCache.GetExtensionPaths: Added default extension paths: C:\Program Files\dotnet\sdk\6.0.100-preview.3.21202.5\Extensions\Microsoft.Diagnostics.NETCore.Client.dll
C:\Program Files\dotnet\sdk\6.0.100-preview.3.21202.5\Extensions\Microsoft.TestPlatform.Extensions.BlameDataCollector.dll
C:\Program Files\dotnet\sdk\6.0.100-preview.3.21202.5\Extensions\Microsoft.TestPlatform.Extensions.EventLogCollector.dll
C:\Program Files\dotnet\sdk\6.0.100-preview.3.21202.5\Extensions\Microsoft.TestPlatform.TestHostRuntimeProvider.dll
C:\Program Files\dotnet\sdk\6.0.100-preview.3.21202.5\Extensions\Microsoft.VisualStudio.TestPlatform.Extensions.Html.TestLogger.dll
C:\Program Files\dotnet\sdk\6.0.100-preview.3.21202.5\Extensions\Microsoft.VisualStudio.TestPlatform.Extensions.Trx.TestLogger.dll
TpTrace Verbose: 0 : 22764, 5, 2023/05/03, 14:12:59.851, 16536612582731, vstest.console.dll, TestPluginCache.GetExtensionPaths: Added unfilterableExtensionPaths: 
TpTrace Verbose: 0 : 22764, 5, 2023/05/03, 14:12:59.864, 16536612710851, vstest.console.dll, TestRequestSender.InitializeExecution: Sending initializing execution with message: {"Version":5,"MessageType":"TestExecution.Initialize","Payload":["C:\\Users\\malki\\OneDrive\\Documents\\CalculateSquare\\tests\\CalculateArea.UnitTests\\bin\\Debug\\net5.0\\fine-code-coverage\\build-output\\NUnit3.TestAdapter.dll"]}
TpTrace Verbose: 0 : 22764, 13, 2023/05/03, 14:12:59.869, 16536612762235, vstest.console.dll, TcpClientExtensions.MessageLoopAsync: NotifyDataAvailable remoteEndPoint: 127.0.0.1:52246 localEndPoint: 127.0.0.1:52244
TpTrace Verbose: 0 : 22764, 13, 2023/05/03, 14:12:59.870, 16536612765576, vstest.console.dll, TestRequestSender.OnExecutionMessageReceived: Received message: {"Version":5,"MessageType":"TestSession.Message","Payload":{"MessageLevel":0,"Message":"Logging TestHost Diagnostics in file: C:\\Users\\malki\\OneDrive\\Documents\\CalculateSquare\\tests\\CalculateArea.UnitTests\\bin\\Debug\\net5.0\\fine-code-coverage\\coverage-tool-output\\diagnostics.host.23-05-03_14-12-58_25732_5.log"}}
TpTrace Verbose: 0 : 22764, 13, 2023/05/03, 14:12:59.876, 16536612827355, vstest.console.dll, TestRunRequest:SendTestRunMessage: Starting.
TpTrace Information: 0 : 22764, 13, 2023/05/03, 14:12:59.876, 16536612830501, vstest.console.dll, TestRunRequest:SendTestRunMessage: Completed.
TpTrace Verbose: 0 : 22764, 13, 2023/05/03, 14:12:59.876, 16536612831883, vstest.console.dll, TcpClientExtensions.MessageLoopAsync: Polling on remoteEndPoint: 127.0.0.1:52246 localEndPoint: 127.0.0.1:52244
TpTrace Verbose: 0 : 22764, 5, 2023/05/03, 14:12:59.911, 16536613178100, vstest.console.dll, TestRequestSender.StartTestRun: Sending test run with message: {"Version":5,"MessageType":"TestExecution.StartWithSources","Payload":{"AdapterSourceMap":{"_none_":["C:\\Users\\malki\\OneDrive\\Documents\\CalculateSquare\\tests\\CalculateArea.UnitTests\\bin\\Debug\\net5.0\\fine-code-coverage\\build-output\\CalculateArea.UnitTests.dll"]},"RunSettings":"<RunSettings>\r\n  <RunConfiguration>\r\n    <ResultsDirectory>C:\\Users\\malki\\OneDrive\\Documents\\CalculateSquare\\tests\\CalculateArea.UnitTests\\bin\\Debug\\net5.0\\fine-code-coverage\\coverage-tool-output</ResultsDirectory>\r\n    <TargetPlatform>X64</TargetPlatform>\r\n    <TargetFrameworkVersion>.NETCoreApp,Version=v5.0</TargetFrameworkVersion>\r\n    <DesignMode>False</DesignMode>\r\n    <CollectSourceInformation>False</CollectSourceInformation>\r\n  </RunConfiguration>\r\n  <LoggerRunSettings>\r\n    <Loggers>\r\n      <Logger friendlyName=\"blame\" enabled=\"True\" />\r\n      <Logger friendlyName=\"Console\" uri=\"logger://microsoft/TestPlatform/ConsoleLogger/v1\" assemblyQualifiedName=\"Microsoft.VisualStudio.TestPlatform.CommandLine.Internal.ConsoleLogger, vstest.console, Version=15.0.0.0, Culture=neutral, PublicKeyToken=b03f5f7f11d50a3a\" codeBase=\"C:\\Program Files\\dotnet\\sdk\\6.0.100-preview.3.21202.5\\vstest.console.dll\" enabled=\"True\" />\r\n    </Loggers>\r\n  </LoggerRunSettings>\r\n  <DataCollectionRunSettings>\r\n    <DataCollectors>\r\n      <DataCollector friendlyName=\"blame\" enabled=\"True\">\r\n        <Configuration>\r\n          <ResultsDirectory>C:\\Users\\malki\\OneDrive\\Documents\\CalculateSquare\\tests\\CalculateArea.UnitTests\\bin\\Debug\\net5.0\\fine-code-coverage\\coverage-tool-output</ResultsDirectory>\r\n        </Configuration>\r\n      </DataCollector>\r\n    </DataCollectors>\r\n  </DataCollectionRunSettings>\r\n</RunSettings>","TestExecutionContext":{"FrequencyOfRunStatsChangeEvent":10,"RunStatsChangeEventTimeout":"00:00:01.5000000","InIsolation":false,"KeepAlive":false,"AreTestCaseLevelEventsRequired":false,"IsDebug":false,"TestCaseFilter":null,"FilterOptions":null},"Package":null}}
TpTrace Verbose: 0 : 22764, 13, 2023/05/03, 14:13:00.772, 16536621793923, vstest.console.dll, TcpClientExtensions.MessageLoopAsync: NotifyDataAvailable remoteEndPoint: 127.0.0.1:52246 localEndPoint: 127.0.0.1:52244
TpTrace Verbose: 0 : 22764, 13, 2023/05/03, 14:13:00.773, 16536621798985, vstest.console.dll, TestRequestSender.OnExecutionMessageReceived: Received message: {"Version":5,"MessageType":"TestSession.Message","Payload":{"MessageLevel":0,"Message":"NUnit Adapter 4.5.0.0: Test execution started"}}
TpTrace Verbose: 0 : 22764, 13, 2023/05/03, 14:13:00.774, 16536621811630, vstest.console.dll, TestRunRequest:SendTestRunMessage: Starting.
TpTrace Information: 0 : 22764, 13, 2023/05/03, 14:13:00.775, 16536621817275, vstest.console.dll, TestRunRequest:SendTestRunMessage: Completed.
TpTrace Verbose: 0 : 22764, 13, 2023/05/03, 14:13:00.775, 16536621819634, vstest.console.dll, TcpClientExtensions.MessageLoopAsync: Polling on remoteEndPoint: 127.0.0.1:52246 localEndPoint: 127.0.0.1:52244
TpTrace Verbose: 0 : 22764, 13, 2023/05/03, 14:13:00.969, 16536623760349, vstest.console.dll, TcpClientExtensions.MessageLoopAsync: NotifyDataAvailable remoteEndPoint: 127.0.0.1:52246 localEndPoint: 127.0.0.1:52244
TpTrace Verbose: 0 : 22764, 13, 2023/05/03, 14:13:00.970, 16536623767258, vstest.console.dll, TestRequestSender.OnExecutionMessageReceived: Received message: {"Version":5,"MessageType":"TestSession.Message","Payload":{"MessageLevel":0,"Message":"Running all tests in C:\\Users\\malki\\OneDrive\\Documents\\CalculateSquare\\tests\\CalculateArea.UnitTests\\bin\\Debug\\net5.0\\fine-code-coverage\\build-output\\CalculateArea.UnitTests.dll"}}
TpTrace Verbose: 0 : 22764, 13, 2023/05/03, 14:13:00.971, 16536623778881, vstest.console.dll, TestRunRequest:SendTestRunMessage: Starting.
TpTrace Information: 0 : 22764, 13, 2023/05/03, 14:13:00.971, 16536623783622, vstest.console.dll, TestRunRequest:SendTestRunMessage: Completed.
TpTrace Verbose: 0 : 22764, 13, 2023/05/03, 14:13:00.972, 16536623786880, vstest.console.dll, TcpClientExtensions.MessageLoopAsync: Polling on remoteEndPoint: 127.0.0.1:52246 localEndPoint: 127.0.0.1:52244
TpTrace Verbose: 0 : 22764, 13, 2023/05/03, 14:13:01.718, 16536631254509, vstest.console.dll, TcpClientExtensions.MessageLoopAsync: NotifyDataAvailable remoteEndPoint: 127.0.0.1:52246 localEndPoint: 127.0.0.1:52244
TpTrace Verbose: 0 : 22764, 13, 2023/05/03, 14:13:01.719, 16536631257942, vstest.console.dll, TestRequestSender.OnExecutionMessageReceived: Received message: {"Version":5,"MessageType":"TestSession.Message","Payload":{"MessageLevel":0,"Message":"   NUnit3TestExecutor discovered 19 of 19 NUnit test cases using Current Discovery mode, Non-Explicit run"}}
TpTrace Verbose: 0 : 22764, 13, 2023/05/03, 14:13:01.719, 16536631264134, vstest.console.dll, TestRunRequest:SendTestRunMessage: Starting.
TpTrace Information: 0 : 22764, 13, 2023/05/03, 14:13:01.720, 16536631266288, vstest.console.dll, TestRunRequest:SendTestRunMessage: Completed.
TpTrace Verbose: 0 : 22764, 13, 2023/05/03, 14:13:01.720, 16536631267796, vstest.console.dll, TcpClientExtensions.MessageLoopAsync: Polling on remoteEndPoint: 127.0.0.1:52246 localEndPoint: 127.0.0.1:52244
TpTrace Verbose: 0 : 22764, 13, 2023/05/03, 14:13:02.026, 16536634331588, vstest.console.dll, TcpClientExtensions.MessageLoopAsync: NotifyDataAvailable remoteEndPoint: 127.0.0.1:52246 localEndPoint: 127.0.0.1:52244
TpTrace Verbose: 0 : 22764, 13, 2023/05/03, 14:13:02.027, 16536634336416, vstest.console.dll, TestRequestSender.OnExecutionMessageReceived: Received message: {"Version":5,"MessageType":"TestExecution.StatsChange","Payload":{"NewTestResults":[],"TestRunStatistics":{"ExecutedTests":0,"Stats":{}},"ActiveTests":[{"Id":"bbd49035-b6cf-6ebb-636f-27d39d9f53e2","FullyQualifiedName":"CalculateArea.UnitTests.CalculationFigureAreaTests.ShouldGetAreaFigure","DisplayName":"ShouldGetAreaFigure","ExecutorUri":"executor://NUnit3TestExecutor","Source":"C:\\Users\\malki\\OneDrive\\Documents\\CalculateSquare\\tests\\CalculateArea.UnitTests\\bin\\Debug\\net5.0\\fine-code-coverage\\build-output\\CalculateArea.UnitTests.dll","CodeFilePath":null,"LineNumber":0,"Properties":[{"Key":{"Id":"NUnit.Seed","Label":"Seed","Category":"","Description":"","Attributes":0,"ValueType":"System.String"},"Value":"1295832185"}]}]}}
TpTrace Verbose: 0 : 22764, 13, 2023/05/03, 14:13:02.175, 16536635821704, vstest.console.dll, TestRunRequest:SendTestRunStatsChange: Starting.
TpTrace Verbose: 0 : 22764, 13, 2023/05/03, 14:13:02.176, 16536635826246, vstest.console.dll, InProgress is ShouldGetAreaFigure
TpTrace Information: 0 : 22764, 13, 2023/05/03, 14:13:02.176, 16536635832414, vstest.console.dll, TestRunRequest:SendTestRunStatsChange: Completed.
TpTrace Verbose: 0 : 22764, 13, 2023/05/03, 14:13:02.176, 16536635835049, vstest.console.dll, TcpClientExtensions.MessageLoopAsync: Polling on remoteEndPoint: 127.0.0.1:52246 localEndPoint: 127.0.0.1:52244
TpTrace Verbose: 0 : 22764, 13, 2023/05/03, 14:13:02.992, 16536643993915, vstest.console.dll, TcpClientExtensions.MessageLoopAsync: NotifyDataAvailable remoteEndPoint: 127.0.0.1:52246 localEndPoint: 127.0.0.1:52244
TpTrace Verbose: 0 : 22764, 13, 2023/05/03, 14:13:02.993, 16536644003240, vstest.console.dll, TestRequestSender.OnExecutionMessageReceived: Received message: {"Version":5,"MessageType":"TestExecution.StatsChange","Payload":{"NewTestResults":[{"TestCase":{"Id":"bbd49035-b6cf-6ebb-636f-27d39d9f53e2","FullyQualifiedName":"CalculateArea.UnitTests.CalculationFigureAreaTests.ShouldGetAreaFigure","DisplayName":"ShouldGetAreaFigure","ExecutorUri":"executor://NUnit3TestExecutor","Source":"C:\\Users\\malki\\OneDrive\\Documents\\CalculateSquare\\tests\\CalculateArea.UnitTests\\bin\\Debug\\net5.0\\fine-code-coverage\\build-output\\CalculateArea.UnitTests.dll","CodeFilePath":null,"LineNumber":0,"Properties":[{"Key":{"Id":"NUnit.Seed","Label":"Seed","Category":"","Description":"","Attributes":0,"ValueType":"System.String"},"Value":"1295832185"}]},"Attachments":[],"Outcome":1,"ErrorMessage":null,"ErrorStackTrace":null,"DisplayName":"ShouldGetAreaFigure","Messages":[],"ComputerName":"DESKTOP-QHO0VGI","Duration":"00:00:00.7056600","StartTime":"2023-05-03T11:13:01.8423377+00:00","EndTime":"2023-05-03T11:13:02.5473902+00:00","Properties":[{"Key":{"Id":"NUnit.Seed","Label":"Seed","Category":"","Description":"","Attributes":0,"ValueType":"System.String"},"Value":"1295832185"}]},{"TestCase":{"Id":"50dc76ee-3ab9-ff05-2992-ef852c1dca43","FullyQualifiedName":"CalculateArea.UnitTests.Figures.CircleTests.ShouldReturnAreaWhenCalledGetArea","DisplayName":"ShouldReturnAreaWhenCalledGetArea","ExecutorUri":"executor://NUnit3TestExecutor","Source":"C:\\Users\\malki\\OneDrive\\Documents\\CalculateSquare\\tests\\CalculateArea.UnitTests\\bin\\Debug\\net5.0\\fine-code-coverage\\build-output\\CalculateArea.UnitTests.dll","CodeFilePath":null,"LineNumber":0,"Properties":[{"Key":{"Id":"NUnit.Seed","Label":"Seed","Category":"","Description":"","Attributes":0,"ValueType":"System.String"},"Value":"425893231"}]},"Attachments":[],"Outcome":1,"ErrorMessage":null,"ErrorStackTrace":null,"DisplayName":"ShouldReturnAreaWhenCalledGetArea","Messages":[],"ComputerName":"DESKTOP-QHO0VGI","Duration":"00:00:00.0027750","StartTime":"2023-05-03T11:13:02.5814474+00:00","EndTime":"2023-05-03T11:13:02.5842227+00:00","Properties":[{"Key":{"Id":"NUnit.Seed","Label":"Seed","Category":"","Description":"","Attributes":0,"ValueType":"System.String"},"Value":"425893231"}]},{"TestCase":{"Id":"7a35b55d-98e8-4e51-424f-c11a8aba011c","FullyQualifiedName":"CalculateArea.UnitTests.Figures.CircleTests.ShouldThrowExceptionWhenValidateCircleParameters(0)","DisplayName":"ShouldThrowExceptionWhenValidateCircleParameters(0)","ExecutorUri":"executor://NUnit3TestExecutor","Source":"C:\\Users\\malki\\OneDrive\\Documents\\CalculateSquare\\tests\\CalculateArea.UnitTests\\bin\\Debug\\net5.0\\fine-code-coverage\\build-output\\CalculateArea.UnitTests.dll","CodeFilePath":null,"LineNumber":0,"Properties":[{"Key":{"Id":"NUnit.Seed","Label":"Seed","Category":"","Description":"","Attributes":0,"ValueType":"System.String"},"Value":"1922149941"}]},"Attachments":[],"Outcome":1,"ErrorMessage":null,"ErrorStackTrace":null,"DisplayName":"ShouldThrowExceptionWhenValidateCircleParameters(0)","Messages":[],"ComputerName":"DESKTOP-QHO0VGI","Duration":"00:00:00.0412540","StartTime":"2023-05-03T11:13:02.5847624+00:00","EndTime":"2023-05-03T11:13:02.6260146+00:00","Properties":[{"Key":{"Id":"NUnit.Seed","Label":"Seed","Category":"","Description":"","Attributes":0,"ValueType":"System.String"},"Value":"1922149941"}]},{"TestCase":{"Id":"daf7bf6e-9e77-e781-63e0-79c240db7f31","FullyQualifiedName":"CalculateArea.UnitTests.Figures.CircleTests.ShouldThrowExceptionWhenValidateCircleParameters(-1)","DisplayName":"ShouldThrowExceptionWhenValidateCircleParameters(-1)","ExecutorUri":"executor://NUnit3TestExecutor","Source":"C:\\Users\\malki\\OneDrive\\Documents\\CalculateSquare\\tests\\CalculateArea.UnitTests\\bin\\Debug\\net5.0\\fine-code-coverage\\build-output\\CalculateArea.UnitTests.dll","CodeFilePath":null,"LineNumber":0,"Properties":[{"Key":{"Id":"NUnit.Seed","Label":"Seed","Category":"","Description":"","Attributes":0,"ValueType":"System.String"},"Value":"611571914"}]},"Attachments":[],"Outcome":1,"ErrorMessage":null,"ErrorStackTrace":null,"DisplayName":"ShouldThrowExceptionWhenValidateCircleParameters(-1)","Messages":[],"ComputerName":"DESKTOP-QHO0VGI","Duration":"00:00:00.0005460","StartTime":"2023-05-03T11:13:02.6328194+00:00","EndTime":"2023-05-03T11:13:02.6333671+00:00","Properties":[{"Key":{"Id":"NUnit.Seed","Label":"Seed","Category":"","Description":"","Attributes":0,"ValueType":"System.String"},"Value":"611571914"}]},{"TestCase":{"Id":"ce6a7df8-0bc9-ecf1-31fe-053a11ba4e03","FullyQualifiedName":"CalculateArea.UnitTests.Figures.TriangleTests.ShouldReturnAreaWhenCalledGetArea","DisplayName":"ShouldReturnAreaWhenCalledGetArea","ExecutorUri":"executor://NUnit3TestExecutor","Source":"C:\\Users\\malki\\OneDrive\\Documents\\CalculateSquare\\tests\\CalculateArea.UnitTests\\bin\\Debug\\net5.0\\fine-code-coverage\\build-output\\CalculateArea.UnitTests.dll","CodeFilePath":null,"LineNumber":0,"Properties":[{"Key":{"Id":"NUnit.Seed","Label":"Seed","Category":"","Description":"","Attributes":0,"ValueType":"System.String"},"Value":"646169694"}]},"Attachments":[],"Outcome":1,"ErrorMessage":null,"ErrorStackTrace":null,"DisplayName":"ShouldReturnAreaWhenCalledGetArea","Messages":[],"ComputerName":"DESKTOP-QHO0VGI","Duration":"00:00:00.0041160","StartTime":"2023-05-03T11:13:02.6356904+00:00","EndTime":"2023-05-03T11:13:02.6398044+00:00","Properties":[{"Key":{"Id":"NUnit.Seed","Label":"Seed","Category":"","Description":"","Attributes":0,"ValueType":"System.String"},"Value":"646169694"}]},{"TestCase":{"Id":"da25d560-1749-4a9b-7df9-b015bb8a92c9","FullyQualifiedName":"CalculateArea.UnitTests.Figures.TriangleTests.ShouldReturnFalseWhenTriangleIsNotRectangular","DisplayName":"ShouldReturnFalseWhenTriangleIsNotRectangular","ExecutorUri":"executor://NUnit3TestExecutor","Source":"C:\\Users\\malki\\OneDrive\\Documents\\CalculateSquare\\tests\\CalculateArea.UnitTests\\bin\\Debug\\net5.0\\fine-code-coverage\\build-output\\CalculateArea.UnitTests.dll","CodeFilePath":null,"LineNumber":0,"Properties":[{"Key":{"Id":"NUnit.Seed","Label":"Seed","Category":"","Description":"","Attributes":0,"ValueType":"System.String"},"Value":"505296136"}]},"Attachments":[],"Outcome":1,"ErrorMessage":null,"ErrorStackTrace":null,"DisplayName":"ShouldReturnFalseWhenTriangleIsNotRectangular","Messages":[],"ComputerName":"DESKTOP-QHO0VGI","Duration":"00:00:00.0052450","StartTime":"2023-05-03T11:13:02.6417217+00:00","EndTime":"2023-05-03T11:13:02.6469688+00:00","Properties":[{"Key":{"Id":"NUnit.Seed","Label":"Seed","Category":"","Description":"","Attributes":0,"ValueType":"System.String"},"Value":"505296136"}]},{"TestCase":{"Id":"3d203508-ff2b-3c4e-04e0-12e8e19ae9f9","FullyQualifiedName":"CalculateArea.UnitTests.Figures.TriangleTests.ShouldReturnTrueWhenTriangleIsRectangular","DisplayName":"ShouldReturnTrueWhenTriangleIsRectangular","ExecutorUri":"executor://NUnit3TestExecutor","Source":"C:\\Users\\malki\\OneDrive\\Documents\\CalculateSquare\\tests\\CalculateArea.UnitTests\\bin\\Debug\\net5.0\\fine-code-coverage\\build-output\\CalculateArea.UnitTests.dll","CodeFilePath":null,"LineNumber":0,"Properties":[{"Key":{"Id":"NUnit.Seed","Label":"Seed","Category":"","Description":"","Attributes":0,"ValueType":"System.String"},"Value":"957547653"}]},"Attachments":[],"Outcome":1,"ErrorMessage":null,"ErrorStackTrace":null,"DisplayName":"ShouldReturnTrueWhenTriangleIsRectangular","Messages":[],"ComputerName":"DESKTOP-QHO0VGI","Duration":"00:00:00.0049340","StartTime":"2023-05-03T11:13:02.6473582+00:00","EndTime":"2023-05-03T11:13:02.6522913+00:00","Properties":[{"Key":{"Id":"NUnit.Seed","Label":"Seed","Category":"","Description":"","Attributes":0,"ValueType":"System.String"},"Value":"957547653"}]},{"TestCase":{"Id":"56f15b13-1c2c-a685-f037-51c8bad5efac","FullyQualifiedName":"CalculateArea.UnitTests.Figures.TriangleTests.ShouldThrowArgumentExceptionWhenValidateTriangleParameters(5,5,10)","DisplayName":"ShouldThrowArgumentExceptionWhenValidateTriangleParameters(5,5,10)","ExecutorUri":"executor://NUnit3TestExecutor","Source":"C:\\Users\\malki\\OneDrive\\Documents\\CalculateSquare\\tests\\CalculateArea.UnitTests\\bin\\Debug\\net5.0\\fine-code-coverage\\build-output\\CalculateArea.UnitTests.dll","CodeFilePath":null,"LineNumber":0,"Properties":[{"Key":{"Id":"NUnit.Seed","Label":"Seed","Category":"","Description":"","Attributes":0,"ValueType":"System.String"},"Value":"97605577"}]},"Attachments":[],"Outcome":1,"ErrorMessage":null,"ErrorStackTrace":null,"DisplayName":"ShouldThrowArgumentExceptionWhenValidateTriangleParameters(5,5,10)","Messages":[],"ComputerName":"DESKTOP-QHO0VGI","Duration":"00:00:00.0045210","StartTime":"2023-05-03T11:13:02.6538424+00:00","EndTime":"2023-05-03T11:13:02.6584732+00:00","Properties":[{"Key":{"Id":"NUnit.Seed","Label":"Seed","Category":"","Description":"","Attributes":0,"ValueType":"System.String"},"Value":"97605577"}]},{"TestCase":{"Id":"1bc0e013-aecd-bfae-d8ea-15b9fb541666","FullyQualifiedName":"CalculateArea.UnitTests.Figures.TriangleTests.ShouldThrowArgumentExceptionWhenValidateTriangleParameters(5,10,5)","DisplayName":"ShouldThrowArgumentExceptionWhenValidateTriangleParameters(5,10,5)","ExecutorUri":"executor://NUnit3TestExecutor","Source":"C:\\Users\\malki\\OneDrive\\Documents\\CalculateSquare\\tests\\CalculateArea.UnitTests\\bin\\Debug\\net5.0\\fine-code-coverage\\build-output\\CalculateArea.UnitTests.dll","CodeFilePath":null,"LineNumber":0,"Properties":[{"Key":{"Id":"NUnit.Seed","Label":"Seed","Category":"","Description":"","Attributes":0,"ValueType":"System.String"},"Value":"112906857"}]},"Attachments":[],"Outcome":1,"ErrorMessage":null,"ErrorStackTrace":null,"DisplayName":"ShouldThrowArgumentExceptionWhenValidateTriangleParameters(5,10,5)","Messages":[],"ComputerName":"DESKTOP-QHO0VGI","Duration":"00:00:00.0006160","StartTime":"2023-05-03T11:13:02.6588416+00:00","EndTime":"2023-05-03T11:13:02.6594596+00:00","Properties":[{"Key":{"Id":"NUnit.Seed","Label":"Seed","Category":"","Description":"","Attributes":0,"ValueType":"System.String"},"Value":"112906857"}]}],"TestRunStatistics":{"ExecutedTests":9,"Stats":{"Passed":9}},"ActiveTests":[{"Id":"69157a82-ae6f-621d-36a4-4e16ac05891f","FullyQualifiedName":"CalculateArea.UnitTests.Figures.TriangleTests.ShouldThrowArgumentExceptionWhenValidateTriangleParameters(10,5,5)","DisplayName":"ShouldThrowArgumentExceptionWhenValidateTriangleParameters(10,5,5)","ExecutorUri":"executor://NUnit3TestExecutor","Source":"C:\\Users\\malki\\OneDrive\\Documents\\CalculateSquare\\tests\\CalculateArea.UnitTests\\bin\\Debug\\net5.0\\fine-code-coverage\\build-output\\CalculateArea.UnitTests.dll","CodeFilePath":null,"LineNumber":0,"Properties":[{"Key":{"Id":"NUnit.Seed","Label":"Seed","Category":"","Description":"","Attributes":0,"ValueType":"System.String"},"Value":"253217892"}]}]}}
TpTrace Verbose: 0 : 22764, 13, 2023/05/03, 14:13:03.065, 16536644720045, vstest.console.dll, TestRunRequest:SendTestRunStatsChange: Starting.
TpTrace Verbose: 0 : 22764, 13, 2023/05/03, 14:13:03.065, 16536644723272, vstest.console.dll, InProgress is ShouldThrowArgumentExceptionWhenValidateTriangleParameters(10,5,5)
TpTrace Information: 0 : 22764, 13, 2023/05/03, 14:13:03.066, 16536644730284, vstest.console.dll, TestRunRequest:SendTestRunStatsChange: Completed.
TpTrace Verbose: 0 : 22764, 13, 2023/05/03, 14:13:03.066, 16536644732159, vstest.console.dll, TcpClientExtensions.MessageLoopAsync: Polling on remoteEndPoint: 127.0.0.1:52246 localEndPoint: 127.0.0.1:52244
TpTrace Verbose: 0 : 22764, 13, 2023/05/03, 14:13:03.197, 16536646043686, vstest.console.dll, TcpClientExtensions.MessageLoopAsync: NotifyDataAvailable remoteEndPoint: 127.0.0.1:52246 localEndPoint: 127.0.0.1:52244
TpTrace Verbose: 0 : 22764, 13, 2023/05/03, 14:13:03.198, 16536646051353, vstest.console.dll, TestRequestSender.OnExecutionMessageReceived: Received message: {"Version":5,"MessageType":"TestExecution.StatsChange","Payload":{"NewTestResults":[{"TestCase":{"Id":"69157a82-ae6f-621d-36a4-4e16ac05891f","FullyQualifiedName":"CalculateArea.UnitTests.Figures.TriangleTests.ShouldThrowArgumentExceptionWhenValidateTriangleParameters(10,5,5)","DisplayName":"ShouldThrowArgumentExceptionWhenValidateTriangleParameters(10,5,5)","ExecutorUri":"executor://NUnit3TestExecutor","Source":"C:\\Users\\malki\\OneDrive\\Documents\\CalculateSquare\\tests\\CalculateArea.UnitTests\\bin\\Debug\\net5.0\\fine-code-coverage\\build-output\\CalculateArea.UnitTests.dll","CodeFilePath":null,"LineNumber":0,"Properties":[{"Key":{"Id":"NUnit.Seed","Label":"Seed","Category":"","Description":"","Attributes":0,"ValueType":"System.String"},"Value":"253217892"}]},"Attachments":[],"Outcome":1,"ErrorMessage":null,"ErrorStackTrace":null,"DisplayName":"ShouldThrowArgumentExceptionWhenValidateTriangleParameters(10,5,5)","Messages":[],"ComputerName":"DESKTOP-QHO0VGI","Duration":"00:00:00.0003420","StartTime":"2023-05-03T11:13:02.6595876+00:00","EndTime":"2023-05-03T11:13:02.6599305+00:00","Properties":[{"Key":{"Id":"NUnit.Seed","Label":"Seed","Category":"","Description":"","Attributes":0,"ValueType":"System.String"},"Value":"253217892"}]},{"TestCase":{"Id":"c843dd76-e935-0c97-453d-9b0a2d99402d","FullyQualifiedName":"CalculateArea.UnitTests.Figures.TriangleTests.ShouldThrowArgumentExceptionWhenValidateTriangleParameters(10,5,3)","DisplayName":"ShouldThrowArgumentExceptionWhenValidateTriangleParameters(10,5,3)","ExecutorUri":"executor://NUnit3TestExecutor","Source":"C:\\Users\\malki\\OneDrive\\Documents\\CalculateSquare\\tests\\CalculateArea.UnitTests\\bin\\Debug\\net5.0\\fine-code-coverage\\build-output\\CalculateArea.UnitTests.dll","CodeFilePath":null,"LineNumber":0,"Properties":[{"Key":{"Id":"NUnit.Seed","Label":"Seed","Category":"","Description":"","Attributes":0,"ValueType":"System.String"},"Value":"1380168200"}]},"Attachments":[],"Outcome":1,"ErrorMessage":null,"ErrorStackTrace":null,"DisplayName":"ShouldThrowArgumentExceptionWhenValidateTriangleParameters(10,5,3)","Messages":[],"ComputerName":"DESKTOP-QHO0VGI","Duration":"00:00:00.0003360","StartTime":"2023-05-03T11:13:02.6602965+00:00","EndTime":"2023-05-03T11:13:02.6606331+00:00","Properties":[{"Key":{"Id":"NUnit.Seed","Label":"Seed","Category":"","Description":"","Attributes":0,"ValueType":"System.String"},"Value":"1380168200"}]},{"TestCase":{"Id":"be11bce4-cbb6-a665-e8d7-245fa9f4fa28","FullyQualifiedName":"CalculateArea.UnitTests.Figures.TriangleTests.ShouldThrowArgumentExceptionWhenValidateTriangleParameters(3,5,10)","DisplayName":"ShouldThrowArgumentExceptionWhenValidateTriangleParameters(3,5,10)","ExecutorUri":"executor://NUnit3TestExecutor","Source":"C:\\Users\\malki\\OneDrive\\Documents\\CalculateSquare\\tests\\CalculateArea.UnitTests\\bin\\Debug\\net5.0\\fine-code-coverage\\build-output\\CalculateArea.UnitTests.dll","CodeFilePath":null,"LineNumber":0,"Properties":[{"Key":{"Id":"NUnit.Seed","Label":"Seed","Category":"","Description":"","Attributes":0,"ValueType":"System.String"},"Value":"1475696738"}]},"Attachments":[],"Outcome":1,"ErrorMessage":null,"ErrorStackTrace":null,"DisplayName":"ShouldThrowArgumentExceptionWhenValidateTriangleParameters(3,5,10)","Messages":[],"ComputerName":"DESKTOP-QHO0VGI","Duration":"00:00:00.0006960","StartTime":"2023-05-03T11:13:02.6626976+00:00","EndTime":"2023-05-03T11:13:02.6633978+00:00","Properties":[{"Key":{"Id":"NUnit.Seed","Label":"Seed","Category":"","Description":"","Attributes":0,"ValueType":"System.String"},"Value":"1475696738"}]},{"TestCase":{"Id":"b939d54e-e20d-6b49-0026-6a22068d7cc9","FullyQualifiedName":"CalculateArea.UnitTests.Figures.TriangleTests.ShouldThrowArgumentExceptionWhenValidateTriangleParameters(3,10,5)","DisplayName":"ShouldThrowArgumentExceptionWhenValidateTriangleParameters(3,10,5)","ExecutorUri":"executor://NUnit3TestExecutor","Source":"C:\\Users\\malki\\OneDrive\\Documents\\CalculateSquare\\tests\\CalculateArea.UnitTests\\bin\\Debug\\net5.0\\fine-code-coverage\\build-output\\CalculateArea.UnitTests.dll","CodeFilePath":null,"LineNumber":0,"Properties":[{"Key":{"Id":"NUnit.Seed","Label":"Seed","Category":"","Description":"","Attributes":0,"ValueType":"System.String"},"Value":"771263833"}]},"Attachments":[],"Outcome":1,"ErrorMessage":null,"ErrorStackTrace":null,"DisplayName":"ShouldThrowArgumentExceptionWhenValidateTriangleParameters(3,10,5)","Messages":[],"ComputerName":"DESKTOP-QHO0VGI","Duration":"00:00:00.0007270","StartTime":"2023-05-03T11:13:02.663917+00:00","EndTime":"2023-05-03T11:13:02.664645+00:00","Properties":[{"Key":{"Id":"NUnit.Seed","Label":"Seed","Category":"","Description":"","Attributes":0,"ValueType":"System.String"},"Value":"771263833"}]},{"TestCase":{"Id":"bff14ce3-d25a-e4dd-daa7-bfba95e99c71","FullyQualifiedName":"CalculateArea.UnitTests.Figures.TriangleTests.ShouldThrowArgumentOutOfRangeExceptionWhenValidateTriangleParameters(0,10,10)","DisplayName":"ShouldThrowArgumentOutOfRangeExceptionWhenValidateTriangleParameters(0,10,10)","ExecutorUri":"executor://NUnit3TestExecutor","Source":"C:\\Users\\malki\\OneDrive\\Documents\\CalculateSquare\\tests\\CalculateArea.UnitTests\\bin\\Debug\\net5.0\\fine-code-coverage\\build-output\\CalculateArea.UnitTests.dll","CodeFilePath":null,"LineNumber":0,"Properties":[{"Key":{"Id":"NUnit.Seed","Label":"Seed","Category":"","Description":"","Attributes":0,"ValueType":"System.String"},"Value":"1707354520"}]},"Attachments":[],"Outcome":1,"ErrorMessage":null,"ErrorStackTrace":null,"DisplayName":"ShouldThrowArgumentOutOfRangeExceptionWhenValidateTriangleParameters(0,10,10)","Messages":[],"ComputerName":"DESKTOP-QHO0VGI","Duration":"00:00:00.0017630","StartTime":"2023-05-03T11:13:02.6650195+00:00","EndTime":"2023-05-03T11:13:02.6667803+00:00","Properties":[{"Key":{"Id":"NUnit.Seed","Label":"Seed","Category":"","Description":"","Attributes":0,"ValueType":"System.String"},"Value":"1707354520"}]},{"TestCase":{"Id":"8496cdcb-a41b-0dfb-1e4f-3968c56a307c","FullyQualifiedName":"CalculateArea.UnitTests.Figures.TriangleTests.ShouldThrowArgumentOutOfRangeExceptionWhenValidateTriangleParameters(10,0,10)","DisplayName":"ShouldThrowArgumentOutOfRangeExceptionWhenValidateTriangleParameters(10,0,10)","ExecutorUri":"executor://NUnit3TestExecutor","Source":"C:\\Users\\malki\\OneDrive\\Documents\\CalculateSquare\\tests\\CalculateArea.UnitTests\\bin\\Debug\\net5.0\\fine-code-coverage\\build-output\\CalculateArea.UnitTests.dll","CodeFilePath":null,"LineNumber":0,"Properties":[{"Key":{"Id":"NUnit.Seed","Label":"Seed","Category":"","Description":"","Attributes":0,"ValueType":"System.String"},"Value":"2145486760"}]},"Attachments":[],"Outcome":1,"ErrorMessage":null,"ErrorStackTrace":null,"DisplayName":"ShouldThrowArgumentOutOfRangeExceptionWhenValidateTriangleParameters(10,0,10)","Messages":[],"ComputerName":"DESKTOP-QHO0VGI","Duration":"00:00:00.0003460","StartTime":"2023-05-03T11:13:02.666931+00:00","EndTime":"2023-05-03T11:13:02.667278+00:00","Properties":[{"Key":{"Id":"NUnit.Seed","Label":"Seed","Category":"","Description":"","Attributes":0,"ValueType":"System.String"},"Value":"2145486760"}]},{"TestCase":{"Id":"54ba84a2-f1be-1a94-312a-071a513b059b","FullyQualifiedName":"CalculateArea.UnitTests.Figures.TriangleTests.ShouldThrowArgumentOutOfRangeExceptionWhenValidateTriangleParameters(10,10,0)","DisplayName":"ShouldThrowArgumentOutOfRangeExceptionWhenValidateTriangleParameters(10,10,0)","ExecutorUri":"executor://NUnit3TestExecutor","Source":"C:\\Users\\malki\\OneDrive\\Documents\\CalculateSquare\\tests\\CalculateArea.UnitTests\\bin\\Debug\\net5.0\\fine-code-coverage\\build-output\\CalculateArea.UnitTests.dll","CodeFilePath":null,"LineNumber":0,"Properties":[{"Key":{"Id":"NUnit.Seed","Label":"Seed","Category":"","Description":"","Attributes":0,"ValueType":"System.String"},"Value":"1072345360"}]},"Attachments":[],"Outcome":1,"ErrorMessage":null,"ErrorStackTrace":null,"DisplayName":"ShouldThrowArgumentOutOfRangeExceptionWhenValidateTriangleParameters(10,10,0)","Messages":[],"ComputerName":"DESKTOP-QHO0VGI","Duration":"00:00:00.0003669","StartTime":"2023-05-03T11:13:02.6676266+00:00","EndTime":"2023-05-03T11:13:02.6679943+00:00","Properties":[{"Key":{"Id":"NUnit.Seed","Label":"Seed","Category":"","Description":"","Attributes":0,"ValueType":"System.String"},"Value":"1072345360"}]},{"TestCase":{"Id":"a422ce65-eb27-2ae3-8028-3db7a70d67ee","FullyQualifiedName":"CalculateArea.UnitTests.Figures.TriangleTests.ShouldThrowArgumentOutOfRangeExceptionWhenValidateTriangleParameters(-1,10,10)","DisplayName":"ShouldThrowArgumentOutOfRangeExceptionWhenValidateTriangleParameters(-1,10,10)","ExecutorUri":"executor://NUnit3TestExecutor","Source":"C:\\Users\\malki\\OneDrive\\Documents\\CalculateSquare\\tests\\CalculateArea.UnitTests\\bin\\Debug\\net5.0\\fine-code-coverage\\build-output\\CalculateArea.UnitTests.dll","CodeFilePath":null,"LineNumber":0,"Properties":[{"Key":{"Id":"NUnit.Seed","Label":"Seed","Category":"","Description":"","Attributes":0,"ValueType":"System.String"},"Value":"1813632940"}]},"Attachments":[],"Outcome":1,"ErrorMessage":null,"ErrorStackTrace":null,"DisplayName":"ShouldThrowArgumentOutOfRangeExceptionWhenValidateTriangleParameters(-1,10,10)","Messages":[],"ComputerName":"DESKTOP-QHO0VGI","Duration":"00:00:00.0003450","StartTime":"2023-05-03T11:13:02.6682331+00:00","EndTime":"2023-05-03T11:13:02.6685795+00:00","Properties":[{"Key":{"Id":"NUnit.Seed","Label":"Seed","Category":"","Description":"","Attributes":0,"ValueType":"System.String"},"Value":"1813632940"}]},{"TestCase":{"Id":"68dac4d8-066f-2f2a-6937-31e17b6f9748","FullyQualifiedName":"CalculateArea.UnitTests.Figures.TriangleTests.ShouldThrowArgumentOutOfRangeExceptionWhenValidateTriangleParameters(10,-1,10)","DisplayName":"ShouldThrowArgumentOutOfRangeExceptionWhenValidateTriangleParameters(10,-1,10)","ExecutorUri":"executor://NUnit3TestExecutor","Source":"C:\\Users\\malki\\OneDrive\\Documents\\CalculateSquare\\tests\\CalculateArea.UnitTests\\bin\\Debug\\net5.0\\fine-code-coverage\\build-output\\CalculateArea.UnitTests.dll","CodeFilePath":null,"LineNumber":0,"Properties":[{"Key":{"Id":"NUnit.Seed","Label":"Seed","Category":"","Description":"","Attributes":0,"ValueType":"System.String"},"Value":"565038204"}]},"Attachments":[],"Outcome":1,"ErrorMessage":null,"ErrorStackTrace":null,"DisplayName":"ShouldThrowArgumentOutOfRangeExceptionWhenValidateTriangleParameters(10,-1,10)","Messages":[],"ComputerName":"DESKTOP-QHO0VGI","Duration":"00:00:00.0004110","StartTime":"2023-05-03T11:13:02.6686388+00:00","EndTime":"2023-05-03T11:13:02.6690481+00:00","Properties":[{"Key":{"Id":"NUnit.Seed","Label":"Seed","Category":"","Description":"","Attributes":0,"ValueType":"System.String"},"Value":"565038204"}]}],"TestRunStatistics":{"ExecutedTests":18,"Stats":{"Passed":18}},"ActiveTests":[{"Id":"a29f90f7-e351-57c4-8331-7de7751838b7","FullyQualifiedName":"CalculateArea.UnitTests.Figures.TriangleTests.ShouldThrowArgumentOutOfRangeExceptionWhenValidateTriangleParameters(10,10,-1)","DisplayName":"ShouldThrowArgumentOutOfRangeExceptionWhenValidateTriangleParameters(10,10,-1)","ExecutorUri":"executor://NUnit3TestExecutor","Source":"C:\\Users\\malki\\OneDrive\\Documents\\CalculateSquare\\tests\\CalculateArea.UnitTests\\bin\\Debug\\net5.0\\fine-code-coverage\\build-output\\CalculateArea.UnitTests.dll","CodeFilePath":null,"LineNumber":0,"Properties":[{"Key":{"Id":"NUnit.Seed","Label":"Seed","Category":"","Description":"","Attributes":0,"ValueType":"System.String"},"Value":"1294202461"}]}]}}
TpTrace Verbose: 0 : 22764, 13, 2023/05/03, 14:13:03.212, 16536646192498, vstest.console.dll, TestRunRequest:SendTestRunStatsChange: Starting.
TpTrace Verbose: 0 : 22764, 13, 2023/05/03, 14:13:03.212, 16536646195205, vstest.console.dll, InProgress is ShouldThrowArgumentOutOfRangeExceptionWhenValidateTriangleParameters(10,10,-1)
TpTrace Information: 0 : 22764, 13, 2023/05/03, 14:13:03.213, 16536646197051, vstest.console.dll, TestRunRequest:SendTestRunStatsChange: Completed.
TpTrace Verbose: 0 : 22764, 13, 2023/05/03, 14:13:03.213, 16536646198461, vstest.console.dll, TcpClientExtensions.MessageLoopAsync: Polling on remoteEndPoint: 127.0.0.1:52246 localEndPoint: 127.0.0.1:52244
TpTrace Verbose: 0 : 22764, 13, 2023/05/03, 14:13:03.229, 16536646362080, vstest.console.dll, TcpClientExtensions.MessageLoopAsync: NotifyDataAvailable remoteEndPoint: 127.0.0.1:52246 localEndPoint: 127.0.0.1:52244
TpTrace Verbose: 0 : 22764, 13, 2023/05/03, 14:13:03.230, 16536646368295, vstest.console.dll, TestRequestSender.OnExecutionMessageReceived: Received message: {"Version":5,"MessageType":"TestSession.Message","Payload":{"MessageLevel":0,"Message":"NUnit Adapter 4.5.0.0: Test execution complete"}}
TpTrace Verbose: 0 : 22764, 13, 2023/05/03, 14:13:03.231, 16536646376562, vstest.console.dll, TestRunRequest:SendTestRunMessage: Starting.
TpTrace Information: 0 : 22764, 13, 2023/05/03, 14:13:03.231, 16536646381186, vstest.console.dll, TestRunRequest:SendTestRunMessage: Completed.
TpTrace Verbose: 0 : 22764, 13, 2023/05/03, 14:13:03.231, 16536646384887, vstest.console.dll, TcpClientExtensions.MessageLoopAsync: Polling on remoteEndPoint: 127.0.0.1:52246 localEndPoint: 127.0.0.1:52244
TpTrace Verbose: 0 : 22764, 13, 2023/05/03, 14:13:03.321, 16536647282920, vstest.console.dll, TcpClientExtensions.MessageLoopAsync: NotifyDataAvailable remoteEndPoint: 127.0.0.1:52246 localEndPoint: 127.0.0.1:52244
TpTrace Verbose: 0 : 22764, 13, 2023/05/03, 14:13:03.322, 16536647291984, vstest.console.dll, TestRequestSender.OnExecutionMessageReceived: Received message: {"Version":5,"MessageType":"TestExecution.Completed","Payload":{"TestRunCompleteArgs":{"TestRunStatistics":{"ExecutedTests":19,"Stats":{"Passed":19}},"IsCanceled":false,"IsAborted":false,"Error":null,"AttachmentSets":[],"InvokedDataCollectors":[],"ElapsedTimeInRunningTests":"00:00:02.6271578","Metrics":{},"DiscoveredExtensions":{"TestDiscoverers":["NUnit.VisualStudio.TestAdapter.NUnit3TestDiscoverer, NUnit3.TestAdapter, Version=4.5.0.0, Culture=neutral, PublicKeyToken=4cb40d35494691ac"],"TestExecutors":["executor://NUnit3TestExecutor"],"TestExecutors2":[],"TestSettingsProviders":[]}},"LastRunTests":{"NewTestResults":[{"TestCase":{"Id":"a29f90f7-e351-57c4-8331-7de7751838b7","FullyQualifiedName":"CalculateArea.UnitTests.Figures.TriangleTests.ShouldThrowArgumentOutOfRangeExceptionWhenValidateTriangleParameters(10,10,-1)","DisplayName":"ShouldThrowArgumentOutOfRangeExceptionWhenValidateTriangleParameters(10,10,-1)","ExecutorUri":"executor://NUnit3TestExecutor","Source":"C:\\Users\\malki\\OneDrive\\Documents\\CalculateSquare\\tests\\CalculateArea.UnitTests\\bin\\Debug\\net5.0\\fine-code-coverage\\build-output\\CalculateArea.UnitTests.dll","CodeFilePath":null,"LineNumber":0,"Properties":[{"Key":{"Id":"NUnit.Seed","Label":"Seed","Category":"","Description":"","Attributes":0,"ValueType":"System.String"},"Value":"1294202461"}]},"Attachments":[],"Outcome":1,"ErrorMessage":null,"ErrorStackTrace":null,"DisplayName":"ShouldThrowArgumentOutOfRangeExceptionWhenValidateTriangleParameters(10,10,-1)","Messages":[],"ComputerName":"DESKTOP-QHO0VGI","Duration":"00:00:00.0006570","StartTime":"2023-05-03T11:13:02.6698482+00:00","EndTime":"2023-05-03T11:13:02.6705058+00:00","Properties":[{"Key":{"Id":"NUnit.Seed","Label":"Seed","Category":"","Description":"","Attributes":0,"ValueType":"System.String"},"Value":"1294202461"}]}],"TestRunStatistics":{"ExecutedTests":19,"Stats":{"Passed":19}},"ActiveTests":[]},"RunAttachments":[],"ExecutorUris":["executor://nunit3testexecutor/"]}}
TpTrace Verbose: 0 : 22764, 13, 2023/05/03, 14:13:03.324, 16536647310116, vstest.console.dll, TestRequestSender.EndSession: Sending end session.
TpTrace Verbose: 0 : 22764, 13, 2023/05/03, 14:13:03.325, 16536647318164, vstest.console.dll, ProxyOperationManager.Close: waiting for test host to exit for 100 ms
TpTrace Warning: 0 : 22764, 13, 2023/05/03, 14:13:03.431, 16536648382205, vstest.console.dll, ProxyOperationManager: Timed out waiting for test host to exit. Will terminate process.
TpTrace Warning: 0 : 22764, 11, 2023/05/03, 14:13:03.472, 16536648785799, vstest.console.dll, TestHostManagerCallbacks.ErrorReceivedCallback Test host standard error line: 
TpTrace Verbose: 0 : 22764, 13, 2023/05/03, 14:13:03.488, 16536648951442, vstest.console.dll, TestHostProvider.ExitCallBack: Host exited starting callback.
TpTrace Information: 0 : 22764, 13, 2023/05/03, 14:13:03.488, 16536648955011, vstest.console.dll, TestHostManagerCallbacks.ExitCallBack: Testhost processId: 17104 exited with exitcode: 0 error: ''
TpTrace Verbose: 0 : 22764, 13, 2023/05/03, 14:13:03.489, 16536648956283, vstest.console.dll, DotnetTestHostManager.OnHostExited: invoking OnHostExited callback
TpTrace Verbose: 0 : 22764, 13, 2023/05/03, 14:13:03.489, 16536648957910, vstest.console.dll, CrossPlatEngine.TestHostManagerHostExited: calling on client process exit callback.
TpTrace Information: 0 : 22764, 13, 2023/05/03, 14:13:03.489, 16536648959814, vstest.console.dll, TestRequestSender.OnClientProcessExit: Test host process exited. Standard error: 
TpTrace Information: 0 : 22764, 13, 2023/05/03, 14:13:03.489, 16536648961247, vstest.console.dll, SocketServer.Stop: Stop server endPoint: 127.0.0.1:52244
TpTrace Information: 0 : 22764, 13, 2023/05/03, 14:13:03.489, 16536648962136, vstest.console.dll, SocketServer.Stop: Cancellation requested. Stopping message loop.
TpTrace Verbose: 0 : 22764, 13, 2023/05/03, 14:13:03.491, 16536648977959, vstest.console.dll, ProxyDataCollectionManager.InvokeDataCollectionServiceAction: Starting.
TpTrace Information: 0 : 22764, 13, 2023/05/03, 14:13:03.491, 16536648979866, vstest.console.dll, ProxyDataCollectionManager.AfterTestRunEnd: Get attachment set for datacollector processId: 25744 port: 52241
TpTrace Verbose: 0 : 22764, 13, 2023/05/03, 14:13:03.491, 16536648981459, vstest.console.dll, DataCollectionRequestSender.SendAfterTestRunStartAndGetResult : Send AfterTestRunEnd message with isCancelled: False
TpTrace Verbose: 0 : 22764, 13, 2023/05/03, 14:13:03.505, 16536649120000, vstest.console.dll, DataCollectionRequestSender.SendAfterTestRunStartAndGetResult : Received message: (DataCollection.AfterTestRunEndResult) -> {
  "AttachmentSets": [],
  "Metrics": {}
}
TpTrace Information: 0 : 22764, 13, 2023/05/03, 14:13:03.515, 16536649215313, vstest.console.dll, ProxyDataCollectionManager.InvokeDataCollectionServiceAction: Completed.
TpTrace Warning: 0 : 22764, 10, 2023/05/03, 14:13:03.524, 16536649310068, vstest.console.dll, DataCollectionLauncher.ErrorReceivedCallback datacollector standard error line: 
TpTrace Information: 0 : 22764, 8, 2023/05/03, 14:13:03.539, 16536649459240, vstest.console.dll, DataCollectionLauncher.ExitCallBack: Data collector exited with exitcode: 0 error: ''
TpTrace Verbose: 0 : 22764, 13, 2023/05/03, 14:13:03.601, 16536650077234, vstest.console.dll, TestRunRequest:SendTestRunStatsChange: Starting.
TpTrace Information: 0 : 22764, 13, 2023/05/03, 14:13:03.601, 16536650079428, vstest.console.dll, TestRunRequest:SendTestRunStatsChange: Completed.
TpTrace Verbose: 0 : 22764, 13, 2023/05/03, 14:13:03.601, 16536650084273, vstest.console.dll, ParallelProxyExecutionManager: HandlePartialRunComplete: Total completed clients = 1, Run complete = True, Run canceled: False.
TpTrace Verbose: 0 : 22764, 13, 2023/05/03, 14:13:03.700, 16536651067355, vstest.console.dll, TestRunRequest:TestRunComplete: Starting. IsAborted:False IsCanceled:False.
TpTrace Verbose: 0 : 22764, 13, 2023/05/03, 14:13:03.700, 16536651071958, vstest.console.dll, TestLoggerManager.HandleTestRunComplete: Ignoring as the object is disposed.
TpTrace Information: 0 : 22764, 13, 2023/05/03, 14:13:03.701, 16536651079252, vstest.console.dll, TestRunRequest:TestRunComplete: Completed.
TpTrace Verbose: 0 : 22764, 1, 2023/05/03, 14:13:03.701, 16536651079826, vstest.console.dll, TestRunRequest.Dispose: Starting.
TpTrace Verbose: 0 : 22764, 13, 2023/05/03, 14:13:03.701, 16536651081531, vstest.console.dll, TestRequestSender.SetOperationComplete: Setting operation complete.
TpTrace Information: 0 : 22764, 1, 2023/05/03, 14:13:03.701, 16536651083091, vstest.console.dll, TestRunRequest.Dispose: Completed.
TpTrace Information: 0 : 22764, 13, 2023/05/03, 14:13:03.702, 16536651086524, vstest.console.dll, SocketServer.Stop: Stop server endPoint: 127.0.0.1:52244
TpTrace Information: 0 : 22764, 1, 2023/05/03, 14:13:03.702, 16536651087885, vstest.console.dll, TestRequestManager.RunTests: run tests completed.
TpTrace Information: 0 : 22764, 13, 2023/05/03, 14:13:03.702, 16536651090870, vstest.console.dll, SocketServer.Stop: Cancellation requested. Stopping message loop.
TpTrace Information: 0 : 22764, 1, 2023/05/03, 14:13:03.702, 16536651094500, vstest.console.dll, RunTestsArgumentProcessor:Execute: Test run is completed.
TpTrace Information: 0 : 22764, 13, 2023/05/03, 14:13:03.703, 16536651096091, vstest.console.dll, SocketServer.PrivateStop: Stop server endPoint: 127.0.0.1:52244 error: 
TpTrace Verbose: 0 : 22764, 1, 2023/05/03, 14:13:03.703, 16536651101315, vstest.console.dll, Executor.Execute: Exiting with exit code of 0
